2019-12-18 14:14:11 [ main:1252 ] - [ ERROR ] 数据解析失败，查看传输数据是否正确
2019-12-18 14:14:11 [ main:1255 ] - [ ERROR ] 解析数据异常，此数据不会发送
2019-12-18 14:14:11 [ main:1259 ] - [ ERROR ] 数据解析失败，查看传输数据是否正确
2019-12-18 14:14:11 [ main:1260 ] - [ ERROR ] 解析数据异常，此数据不会发送
2019-12-18 14:14:11 [ main:1260 ] - [ ERROR ] 数据解析失败，查看传输数据是否正确
2019-12-18 14:14:11 [ main:1260 ] - [ ERROR ] 解析数据异常，此数据不会发送
2019-12-18 14:14:11 [ main:1262 ] - [ ERROR ] 数据解析失败，查看传输数据是否正确
2019-12-18 14:14:11 [ main:1262 ] - [ ERROR ] 解析数据异常，此数据不会发送
2019-12-18 14:14:11 [ main:1263 ] - [ ERROR ] 数据解析失败，查看传输数据是否正确
2019-12-18 14:14:11 [ main:1263 ] - [ ERROR ] 解析数据异常，此数据不会发送
2019-12-18 14:14:11 [ main:1265 ] - [ ERROR ] 数据解析失败，查看传输数据是否正确
2019-12-18 14:14:11 [ main:1266 ] - [ ERROR ] 解析数据异常，此数据不会发送
2019-12-18 14:14:11 [ main:1266 ] - [ ERROR ] 数据解析失败，查看传输数据是否正确
2019-12-18 14:14:11 [ main:1266 ] - [ ERROR ] 解析数据异常，此数据不会发送
2019-12-18 14:14:11 [ main:1267 ] - [ ERROR ] 数据解析失败，查看传输数据是否正确
2019-12-18 14:14:11 [ main:1267 ] - [ ERROR ] 解析数据异常，此数据不会发送
2019-12-18 14:14:11 [ main:1267 ] - [ ERROR ] 数据解析失败，查看传输数据是否正确
2019-12-18 14:14:11 [ main:1268 ] - [ ERROR ] 解析数据异常，此数据不会发送
2019-12-18 14:14:11 [ main:1268 ] - [ ERROR ] 数据解析失败，查看传输数据是否正确
2019-12-18 14:14:11 [ main:1268 ] - [ ERROR ] 解析数据异常，此数据不会发送
2019-12-18 14:14:11 [ main:1269 ] - [ ERROR ] 数据解析失败，查看传输数据是否正确
2019-12-18 14:14:11 [ main:1269 ] - [ ERROR ] 解析数据异常，此数据不会发送
2019-12-18 14:14:11 [ main:1270 ] - [ ERROR ] 数据解析失败，查看传输数据是否正确
2019-12-18 14:14:11 [ main:1270 ] - [ ERROR ] 解析数据异常，此数据不会发送
2019-12-18 14:14:11 [ main:1271 ] - [ ERROR ] 数据解析失败，查看传输数据是否正确
2019-12-18 14:14:11 [ main:1271 ] - [ ERROR ] 解析数据异常，此数据不会发送
2019-12-18 14:14:11 [ main:1271 ] - [ ERROR ] 数据解析失败，查看传输数据是否正确
2019-12-18 14:14:11 [ main:1272 ] - [ ERROR ] 解析数据异常，此数据不会发送
2019-12-18 14:14:11 [ main:1273 ] - [ ERROR ] 数据解析失败，查看传输数据是否正确
2019-12-18 14:14:11 [ main:1273 ] - [ ERROR ] 解析数据异常，此数据不会发送
2019-12-18 14:14:11 [ main:1274 ] - [ ERROR ] 数据解析失败，查看传输数据是否正确
2019-12-18 14:14:11 [ main:1274 ] - [ ERROR ] 解析数据异常，此数据不会发送
2019-12-18 14:14:11 [ main:1275 ] - [ ERROR ] 数据解析失败，查看传输数据是否正确
2019-12-18 14:14:11 [ main:1276 ] - [ ERROR ] 解析数据异常，此数据不会发送
2019-12-18 14:14:11 [ main:1280 ] - [ ERROR ] 数据解析失败，查看传输数据是否正确
2019-12-18 14:14:11 [ main:1280 ] - [ ERROR ] 解析数据异常，此数据不会发送
2019-12-18 14:14:11 [ main:1282 ] - [ ERROR ] 数据解析失败，查看传输数据是否正确
2019-12-18 14:14:11 [ main:1283 ] - [ ERROR ] 解析数据异常，此数据不会发送
2019-12-18 14:14:11 [ main:1283 ] - [ ERROR ] 数据解析失败，查看传输数据是否正确
2019-12-18 14:14:11 [ main:1284 ] - [ ERROR ] 解析数据异常，此数据不会发送
2019-12-18 14:14:11 [ main:1285 ] - [ ERROR ] 数据解析失败，查看传输数据是否正确
2019-12-18 14:14:11 [ main:1285 ] - [ ERROR ] 解析数据异常，此数据不会发送
2019-12-18 14:14:11 [ main:1285 ] - [ ERROR ] 数据解析失败，查看传输数据是否正确
2019-12-18 14:14:11 [ main:1286 ] - [ ERROR ] 解析数据异常，此数据不会发送
2019-12-18 14:14:11 [ main:1286 ] - [ ERROR ] 数据解析失败，查看传输数据是否正确
2019-12-18 14:14:11 [ main:1293 ] - [ ERROR ] 解析数据异常，此数据不会发送
2019-12-18 14:14:11 [ main:1294 ] - [ ERROR ] 数据解析失败，查看传输数据是否正确
2019-12-18 14:14:11 [ main:1294 ] - [ ERROR ] 解析数据异常，此数据不会发送
2019-12-18 14:14:11 [ main:1295 ] - [ ERROR ] 数据解析失败，查看传输数据是否正确
2019-12-18 14:14:11 [ main:1295 ] - [ ERROR ] 解析数据异常，此数据不会发送
2019-12-18 14:14:11 [ main:1296 ] - [ ERROR ] 数据解析失败，查看传输数据是否正确
2019-12-18 14:14:11 [ main:1297 ] - [ ERROR ] 解析数据异常，此数据不会发送
2019-12-18 14:14:11 [ main:1297 ] - [ ERROR ] 数据解析失败，查看传输数据是否正确
2019-12-18 14:14:11 [ main:1297 ] - [ ERROR ] 解析数据异常，此数据不会发送
2019-12-18 14:14:11 [ main:1298 ] - [ ERROR ] 数据解析失败，查看传输数据是否正确
2019-12-18 14:14:11 [ main:1298 ] - [ ERROR ] 解析数据异常，此数据不会发送
2019-12-18 14:14:11 [ main:1298 ] - [ ERROR ] 数据解析失败，查看传输数据是否正确
2019-12-18 14:14:11 [ main:1298 ] - [ ERROR ] 解析数据异常，此数据不会发送
2019-12-18 14:14:11 [ main:1299 ] - [ ERROR ] 数据解析失败，查看传输数据是否正确
2019-12-18 14:14:11 [ main:1299 ] - [ ERROR ] 解析数据异常，此数据不会发送
2019-12-18 14:14:11 [ main:1299 ] - [ ERROR ] 数据解析失败，查看传输数据是否正确
2019-12-18 14:14:11 [ main:1299 ] - [ ERROR ] 解析数据异常，此数据不会发送
2019-12-18 14:14:11 [ main:1300 ] - [ ERROR ] 数据解析失败，查看传输数据是否正确
2019-12-18 14:14:11 [ main:1300 ] - [ ERROR ] 解析数据异常，此数据不会发送
2019-12-18 14:14:11 [ main:1300 ] - [ ERROR ] 数据解析失败，查看传输数据是否正确
2019-12-18 14:14:11 [ main:1301 ] - [ ERROR ] 解析数据异常，此数据不会发送
2019-12-18 14:14:11 [ main:1301 ] - [ ERROR ] 数据解析失败，查看传输数据是否正确
2019-12-18 14:14:11 [ main:1301 ] - [ ERROR ] 解析数据异常，此数据不会发送
2019-12-18 14:14:11 [ main:1301 ] - [ ERROR ] 数据解析失败，查看传输数据是否正确
2019-12-18 14:14:11 [ main:1302 ] - [ ERROR ] 解析数据异常，此数据不会发送
2019-12-18 14:14:11 [ main:1309 ] - [ ERROR ] 数据解析失败，查看传输数据是否正确
2019-12-18 14:14:11 [ main:1332 ] - [ ERROR ] 解析数据异常，此数据不会发送
2019-12-18 14:14:11 [ main:1332 ] - [ ERROR ] 数据解析失败，查看传输数据是否正确
2019-12-18 14:14:11 [ main:1333 ] - [ ERROR ] 解析数据异常，此数据不会发送
2019-12-18 14:14:11 [ main:1333 ] - [ ERROR ] 数据解析失败，查看传输数据是否正确
2019-12-18 14:14:11 [ main:1333 ] - [ ERROR ] 解析数据异常，此数据不会发送
2019-12-18 14:14:11 [ main:1333 ] - [ ERROR ] 数据解析失败，查看传输数据是否正确
2019-12-18 14:14:11 [ main:1333 ] - [ ERROR ] 解析数据异常，此数据不会发送
2019-12-18 14:14:11 [ main:1334 ] - [ ERROR ] 数据解析失败，查看传输数据是否正确
2019-12-18 14:14:11 [ main:1334 ] - [ ERROR ] 解析数据异常，此数据不会发送
2019-12-18 14:14:11 [ main:1334 ] - [ ERROR ] 数据解析失败，查看传输数据是否正确
2019-12-18 14:14:11 [ main:1334 ] - [ ERROR ] 解析数据异常，此数据不会发送
2019-12-18 14:14:11 [ main:1335 ] - [ ERROR ] 数据解析失败，查看传输数据是否正确
2019-12-18 14:14:11 [ main:1335 ] - [ ERROR ] 解析数据异常，此数据不会发送
2019-12-18 14:14:11 [ main:1340 ] - [ ERROR ] 数据解析失败，查看传输数据是否正确
2019-12-18 14:14:11 [ main:1340 ] - [ ERROR ] 解析数据异常，此数据不会发送
2019-12-18 14:14:11 [ main:1340 ] - [ ERROR ] 数据解析失败，查看传输数据是否正确
2019-12-18 14:14:11 [ main:1340 ] - [ ERROR ] 解析数据异常，此数据不会发送
2019-12-18 14:14:11 [ main:1341 ] - [ ERROR ] 数据解析失败，查看传输数据是否正确
2019-12-18 14:14:11 [ main:1341 ] - [ ERROR ] 解析数据异常，此数据不会发送
2019-12-18 14:14:11 [ main:1341 ] - [ ERROR ] 数据解析失败，查看传输数据是否正确
2019-12-18 14:14:11 [ main:1341 ] - [ ERROR ] 解析数据异常，此数据不会发送
2019-12-18 14:14:11 [ main:1342 ] - [ ERROR ] 数据解析失败，查看传输数据是否正确
2019-12-18 14:14:11 [ main:1342 ] - [ ERROR ] 解析数据异常，此数据不会发送
2019-12-18 14:14:11 [ main:1342 ] - [ ERROR ] 数据解析失败，查看传输数据是否正确
2019-12-18 14:14:11 [ main:1343 ] - [ ERROR ] 解析数据异常，此数据不会发送
2019-12-18 14:14:11 [ main:1343 ] - [ ERROR ] 数据解析失败，查看传输数据是否正确
2019-12-18 14:14:11 [ main:1343 ] - [ ERROR ] 解析数据异常，此数据不会发送
2019-12-18 14:14:11 [ main:1347 ] - [ ERROR ] 数据解析失败，查看传输数据是否正确
2019-12-18 14:14:11 [ main:1347 ] - [ ERROR ] 解析数据异常，此数据不会发送
2019-12-18 14:14:11 [ main:1347 ] - [ ERROR ] 数据解析失败，查看传输数据是否正确
2019-12-18 14:14:11 [ main:1348 ] - [ ERROR ] 解析数据异常，此数据不会发送
2019-12-18 14:14:11 [ main:1348 ] - [ ERROR ] 数据解析失败，查看传输数据是否正确
2019-12-18 14:14:11 [ main:1348 ] - [ ERROR ] 解析数据异常，此数据不会发送
2019-12-18 14:14:11 [ main:1348 ] - [ ERROR ] 数据解析失败，查看传输数据是否正确
2019-12-18 14:14:11 [ main:1349 ] - [ ERROR ] 解析数据异常，此数据不会发送
2019-12-18 14:14:11 [ main:1349 ] - [ ERROR ] 数据解析失败，查看传输数据是否正确
2019-12-18 14:14:11 [ main:1349 ] - [ ERROR ] 解析数据异常，此数据不会发送
2019-12-18 14:14:11 [ main:1349 ] - [ ERROR ] 数据解析失败，查看传输数据是否正确
2019-12-18 14:14:11 [ main:1349 ] - [ ERROR ] 解析数据异常，此数据不会发送
2019-12-18 14:14:11 [ main:1350 ] - [ ERROR ] 数据解析失败，查看传输数据是否正确
2019-12-18 14:14:11 [ main:1350 ] - [ ERROR ] 解析数据异常，此数据不会发送
2019-12-18 14:14:11 [ main:1350 ] - [ ERROR ] 数据解析失败，查看传输数据是否正确
2019-12-18 14:14:11 [ main:1350 ] - [ ERROR ] 解析数据异常，此数据不会发送
2019-12-18 14:14:11 [ main:1351 ] - [ ERROR ] 数据解析失败，查看传输数据是否正确
2019-12-18 14:14:11 [ main:1351 ] - [ ERROR ] 解析数据异常，此数据不会发送
2019-12-18 14:14:11 [ main:1359 ] - [ ERROR ] 数据解析失败，查看传输数据是否正确
2019-12-18 14:14:11 [ main:1377 ] - [ ERROR ] 解析数据异常，此数据不会发送
2019-12-18 14:14:11 [ main:1430 ] - [ ERROR ] 数据解析失败，查看传输数据是否正确
2019-12-18 14:14:11 [ main:1430 ] - [ ERROR ] 解析数据异常，此数据不会发送
2019-12-18 14:14:11 [ main:1430 ] - [ ERROR ] 数据解析失败，查看传输数据是否正确
2019-12-18 14:14:11 [ main:1430 ] - [ ERROR ] 解析数据异常，此数据不会发送
2019-12-18 14:14:11 [ main:1431 ] - [ ERROR ] 数据解析失败，查看传输数据是否正确
2019-12-18 14:14:11 [ main:1431 ] - [ ERROR ] 解析数据异常，此数据不会发送
2019-12-18 14:14:11 [ main:1432 ] - [ ERROR ] 数据解析失败，查看传输数据是否正确
2019-12-18 14:14:11 [ main:1432 ] - [ ERROR ] 解析数据异常，此数据不会发送
2019-12-18 14:14:11 [ main:1432 ] - [ ERROR ] 数据解析失败，查看传输数据是否正确
2019-12-18 14:14:11 [ main:1432 ] - [ ERROR ] 解析数据异常，此数据不会发送
2019-12-18 14:14:11 [ main:1433 ] - [ ERROR ] 数据解析失败，查看传输数据是否正确
2019-12-18 14:14:11 [ main:1433 ] - [ ERROR ] 解析数据异常，此数据不会发送
2019-12-18 14:14:11 [ main:1433 ] - [ ERROR ] 数据解析失败，查看传输数据是否正确
2019-12-18 14:14:11 [ main:1433 ] - [ ERROR ] 解析数据异常，此数据不会发送
2019-12-18 14:14:11 [ main:1434 ] - [ ERROR ] 数据解析失败，查看传输数据是否正确
2019-12-18 14:14:11 [ main:1434 ] - [ ERROR ] 解析数据异常，此数据不会发送
2019-12-18 14:14:11 [ main:1434 ] - [ ERROR ] 数据解析失败，查看传输数据是否正确
2019-12-18 14:14:11 [ main:1434 ] - [ ERROR ] 解析数据异常，此数据不会发送
2019-12-18 14:14:11 [ main:1434 ] - [ ERROR ] 数据解析失败，查看传输数据是否正确
2019-12-18 14:14:11 [ main:1434 ] - [ ERROR ] 解析数据异常，此数据不会发送
2019-12-18 14:14:11 [ main:1435 ] - [ ERROR ] 数据解析失败，查看传输数据是否正确
2019-12-18 14:14:11 [ main:1435 ] - [ ERROR ] 解析数据异常，此数据不会发送
2019-12-18 14:14:11 [ main:1435 ] - [ ERROR ] 数据解析失败，查看传输数据是否正确
2019-12-18 14:14:11 [ main:1435 ] - [ ERROR ] 解析数据异常，此数据不会发送
2019-12-18 14:14:11 [ main:1436 ] - [ ERROR ] 数据解析失败，查看传输数据是否正确
2019-12-18 14:14:11 [ main:1436 ] - [ ERROR ] 解析数据异常，此数据不会发送
2019-12-18 14:14:11 [ main:1436 ] - [ ERROR ] 数据解析失败，查看传输数据是否正确
2019-12-18 14:14:11 [ main:1437 ] - [ ERROR ] 解析数据异常，此数据不会发送
2019-12-18 14:14:11 [ main:1437 ] - [ ERROR ] 数据解析失败，查看传输数据是否正确
2019-12-18 14:14:11 [ main:1437 ] - [ ERROR ] 解析数据异常，此数据不会发送
2019-12-18 14:14:11 [ main:1437 ] - [ ERROR ] 数据解析失败，查看传输数据是否正确
2019-12-18 14:14:11 [ main:1437 ] - [ ERROR ] 解析数据异常，此数据不会发送
2019-12-18 14:14:11 [ main:1438 ] - [ ERROR ] 数据解析失败，查看传输数据是否正确
2019-12-18 14:14:11 [ main:1438 ] - [ ERROR ] 解析数据异常，此数据不会发送
2019-12-18 14:14:11 [ main:1438 ] - [ ERROR ] 数据解析失败，查看传输数据是否正确
2019-12-18 14:14:11 [ main:1438 ] - [ ERROR ] 解析数据异常，此数据不会发送
2019-12-18 14:14:11 [ main:1438 ] - [ ERROR ] 数据解析失败，查看传输数据是否正确
2019-12-18 14:14:11 [ main:1438 ] - [ ERROR ] 解析数据异常，此数据不会发送
2019-12-18 14:14:11 [ main:1439 ] - [ ERROR ] 数据解析失败，查看传输数据是否正确
2019-12-18 14:14:11 [ main:1439 ] - [ ERROR ] 解析数据异常，此数据不会发送
2019-12-18 14:14:11 [ main:1439 ] - [ ERROR ] 数据解析失败，查看传输数据是否正确
2019-12-18 14:14:11 [ main:1439 ] - [ ERROR ] 解析数据异常，此数据不会发送
2019-12-18 14:14:11 [ main:1443 ] - [ ERROR ] 数据解析失败，查看传输数据是否正确
2019-12-18 14:14:11 [ main:1443 ] - [ ERROR ] 解析数据异常，此数据不会发送
2019-12-18 14:14:11 [ main:1443 ] - [ ERROR ] 数据解析失败，查看传输数据是否正确
2019-12-18 14:14:11 [ main:1444 ] - [ ERROR ] 解析数据异常，此数据不会发送
2019-12-18 14:14:11 [ main:1444 ] - [ ERROR ] 数据解析失败，查看传输数据是否正确
2019-12-18 14:14:11 [ main:1444 ] - [ ERROR ] 解析数据异常，此数据不会发送
2019-12-18 14:14:11 [ main:1444 ] - [ ERROR ] 数据解析失败，查看传输数据是否正确
2019-12-18 14:14:11 [ main:1444 ] - [ ERROR ] 解析数据异常，此数据不会发送
2019-12-18 14:14:11 [ main:1444 ] - [ ERROR ] 数据解析失败，查看传输数据是否正确
2019-12-18 14:14:11 [ main:1444 ] - [ ERROR ] 解析数据异常，此数据不会发送
2019-12-18 14:14:11 [ main:1444 ] - [ ERROR ] 数据解析失败，查看传输数据是否正确
2019-12-18 14:14:11 [ main:1445 ] - [ ERROR ] 解析数据异常，此数据不会发送
2019-12-18 14:14:11 [ main:1446 ] - [ ERROR ] 数据解析失败，查看传输数据是否正确
2019-12-18 14:14:11 [ main:1446 ] - [ ERROR ] 解析数据异常，此数据不会发送
2019-12-18 14:14:11 [ main:1446 ] - [ ERROR ] 数据解析失败，查看传输数据是否正确
2019-12-18 14:14:11 [ main:1460 ] - [ ERROR ] 解析数据异常，此数据不会发送
2019-12-18 14:14:11 [ main:1460 ] - [ ERROR ] 数据解析失败，查看传输数据是否正确
2019-12-18 14:14:11 [ main:1460 ] - [ ERROR ] 解析数据异常，此数据不会发送
2019-12-18 14:14:11 [ main:1460 ] - [ ERROR ] 数据解析失败，查看传输数据是否正确
2019-12-18 14:14:11 [ main:1461 ] - [ ERROR ] 解析数据异常，此数据不会发送
2019-12-18 14:14:11 [ main:1461 ] - [ ERROR ] 数据解析失败，查看传输数据是否正确
2019-12-18 14:14:11 [ main:1461 ] - [ ERROR ] 解析数据异常，此数据不会发送
2019-12-18 14:14:11 [ main:1461 ] - [ ERROR ] 数据解析失败，查看传输数据是否正确
2019-12-18 14:14:11 [ main:1480 ] - [ ERROR ] 解析数据异常，此数据不会发送
2019-12-18 14:14:11 [ main:1482 ] - [ ERROR ] 数据解析失败，查看传输数据是否正确
2019-12-18 14:14:11 [ main:1482 ] - [ ERROR ] 解析数据异常，此数据不会发送
2019-12-18 14:14:11 [ main:1482 ] - [ ERROR ] 数据解析失败，查看传输数据是否正确
2019-12-18 14:14:11 [ main:1483 ] - [ ERROR ] 解析数据异常，此数据不会发送
2019-12-18 14:14:11 [ main:1483 ] - [ ERROR ] 数据解析失败，查看传输数据是否正确
2019-12-18 14:14:11 [ main:1483 ] - [ ERROR ] 解析数据异常，此数据不会发送
2019-12-18 14:14:11 [ main:1483 ] - [ ERROR ] 数据解析失败，查看传输数据是否正确
2019-12-18 14:14:11 [ main:1483 ] - [ ERROR ] 解析数据异常，此数据不会发送
2019-12-18 14:14:11 [ main:1483 ] - [ ERROR ] 数据解析失败，查看传输数据是否正确
2019-12-18 14:14:11 [ main:1483 ] - [ ERROR ] 解析数据异常，此数据不会发送
2019-12-18 14:14:11 [ main:1484 ] - [ ERROR ] 数据解析失败，查看传输数据是否正确
2019-12-18 14:14:11 [ main:1484 ] - [ ERROR ] 解析数据异常，此数据不会发送
2019-12-18 14:14:11 [ main:1484 ] - [ ERROR ] 数据解析失败，查看传输数据是否正确
2019-12-18 14:14:11 [ main:1484 ] - [ ERROR ] 解析数据异常，此数据不会发送
2019-12-18 14:14:11 [ main:1484 ] - [ ERROR ] 数据解析失败，查看传输数据是否正确
2019-12-18 14:14:11 [ main:1484 ] - [ ERROR ] 解析数据异常，此数据不会发送
2019-12-18 14:14:12 [ main:1974 ] - [ ERROR ] 数据解析失败，查看传输数据是否正确
2019-12-18 14:14:12 [ main:1975 ] - [ ERROR ] 解析数据异常，此数据不会发送
2019-12-18 14:14:12 [ main:1975 ] - [ ERROR ] 数据解析失败，查看传输数据是否正确
2019-12-18 14:14:12 [ main:1975 ] - [ ERROR ] 解析数据异常，此数据不会发送
2019-12-18 14:14:12 [ main:1975 ] - [ ERROR ] 数据解析失败，查看传输数据是否正确
2019-12-18 14:14:12 [ main:1976 ] - [ ERROR ] 解析数据异常，此数据不会发送
2019-12-18 14:14:12 [ main:1976 ] - [ ERROR ] 数据解析失败，查看传输数据是否正确
2019-12-18 14:14:12 [ main:1976 ] - [ ERROR ] 解析数据异常，此数据不会发送
2019-12-18 14:14:12 [ main:1977 ] - [ ERROR ] 数据解析失败，查看传输数据是否正确
2019-12-18 14:14:12 [ main:1977 ] - [ ERROR ] 解析数据异常，此数据不会发送
2019-12-18 14:14:12 [ main:1978 ] - [ ERROR ] 数据解析失败，查看传输数据是否正确
2019-12-18 14:14:12 [ main:1979 ] - [ ERROR ] 解析数据异常，此数据不会发送
2019-12-18 14:14:12 [ main:1982 ] - [ ERROR ] 数据解析失败，查看传输数据是否正确
2019-12-18 14:14:12 [ main:1982 ] - [ ERROR ] 解析数据异常，此数据不会发送
2019-12-18 14:14:12 [ main:1982 ] - [ ERROR ] 数据解析失败，查看传输数据是否正确
2019-12-18 14:14:12 [ main:1982 ] - [ ERROR ] 解析数据异常，此数据不会发送
2019-12-18 14:14:12 [ main:1982 ] - [ ERROR ] 数据解析失败，查看传输数据是否正确
2019-12-18 14:14:12 [ main:1982 ] - [ ERROR ] 解析数据异常，此数据不会发送
2019-12-18 14:14:12 [ main:1983 ] - [ ERROR ] 数据解析失败，查看传输数据是否正确
2019-12-18 14:14:12 [ main:1983 ] - [ ERROR ] 解析数据异常，此数据不会发送
2019-12-18 14:14:12 [ main:1983 ] - [ ERROR ] 数据解析失败，查看传输数据是否正确
2019-12-18 14:14:12 [ main:1984 ] - [ ERROR ] 解析数据异常，此数据不会发送
2019-12-18 14:14:12 [ main:1984 ] - [ ERROR ] 数据解析失败，查看传输数据是否正确
2019-12-18 14:14:12 [ main:1984 ] - [ ERROR ] 解析数据异常，此数据不会发送
2019-12-18 14:14:12 [ main:1985 ] - [ ERROR ] 数据解析失败，查看传输数据是否正确
2019-12-18 14:14:12 [ main:1985 ] - [ ERROR ] 解析数据异常，此数据不会发送
2019-12-18 14:14:12 [ main:1985 ] - [ ERROR ] 数据解析失败，查看传输数据是否正确
2019-12-18 14:14:12 [ main:1985 ] - [ ERROR ] 解析数据异常，此数据不会发送
2019-12-18 14:14:12 [ main:1985 ] - [ ERROR ] 数据解析失败，查看传输数据是否正确
2019-12-18 14:14:12 [ main:1985 ] - [ ERROR ] 解析数据异常，此数据不会发送
2019-12-18 14:14:12 [ main:1986 ] - [ ERROR ] 数据解析失败，查看传输数据是否正确
2019-12-18 14:14:12 [ main:1986 ] - [ ERROR ] 解析数据异常，此数据不会发送
2019-12-18 14:14:12 [ main:1986 ] - [ ERROR ] 数据解析失败，查看传输数据是否正确
2019-12-18 14:14:12 [ main:1986 ] - [ ERROR ] 解析数据异常，此数据不会发送
2019-12-18 14:14:12 [ main:1986 ] - [ ERROR ] 数据解析失败，查看传输数据是否正确
2019-12-18 14:14:12 [ main:1986 ] - [ ERROR ] 解析数据异常，此数据不会发送
2019-12-18 14:14:12 [ main:1987 ] - [ ERROR ] 数据解析失败，查看传输数据是否正确
2019-12-18 14:14:12 [ main:1987 ] - [ ERROR ] 解析数据异常，此数据不会发送
2019-12-18 14:14:12 [ main:1987 ] - [ ERROR ] 数据解析失败，查看传输数据是否正确
2019-12-18 14:14:12 [ main:1987 ] - [ ERROR ] 解析数据异常，此数据不会发送
2019-12-18 14:14:12 [ main:1987 ] - [ ERROR ] 数据解析失败，查看传输数据是否正确
2019-12-18 14:14:12 [ main:1987 ] - [ ERROR ] 解析数据异常，此数据不会发送
2019-12-18 14:14:12 [ main:1988 ] - [ ERROR ] 数据解析失败，查看传输数据是否正确
2019-12-18 14:14:12 [ main:1988 ] - [ ERROR ] 解析数据异常，此数据不会发送
2019-12-18 14:14:12 [ main:1988 ] - [ ERROR ] 数据解析失败，查看传输数据是否正确
2019-12-18 14:14:12 [ main:1988 ] - [ ERROR ] 解析数据异常，此数据不会发送
2019-12-18 14:14:12 [ main:1988 ] - [ ERROR ] 数据解析失败，查看传输数据是否正确
2019-12-18 14:14:12 [ main:1988 ] - [ ERROR ] 解析数据异常，此数据不会发送
2019-12-18 14:14:12 [ main:1989 ] - [ ERROR ] 数据解析失败，查看传输数据是否正确
2019-12-18 14:14:12 [ main:1989 ] - [ ERROR ] 解析数据异常，此数据不会发送
2019-12-18 14:14:12 [ main:1989 ] - [ ERROR ] 数据解析失败，查看传输数据是否正确
2019-12-18 14:14:12 [ main:1989 ] - [ ERROR ] 解析数据异常，此数据不会发送
2019-12-18 14:14:12 [ main:1989 ] - [ ERROR ] 数据解析失败，查看传输数据是否正确
2019-12-18 14:14:12 [ main:1990 ] - [ ERROR ] 解析数据异常，此数据不会发送
2019-12-18 14:14:12 [ main:1990 ] - [ ERROR ] 数据解析失败，查看传输数据是否正确
2019-12-18 14:14:12 [ main:1990 ] - [ ERROR ] 解析数据异常，此数据不会发送
2019-12-18 14:14:12 [ main:1990 ] - [ ERROR ] 数据解析失败，查看传输数据是否正确
2019-12-18 14:14:12 [ main:1990 ] - [ ERROR ] 解析数据异常，此数据不会发送
2019-12-18 14:14:12 [ main:1990 ] - [ ERROR ] 数据解析失败，查看传输数据是否正确
2019-12-18 14:14:12 [ main:1991 ] - [ ERROR ] 解析数据异常，此数据不会发送
2019-12-18 14:14:12 [ main:1991 ] - [ ERROR ] 数据解析失败，查看传输数据是否正确
2019-12-18 14:14:12 [ main:1991 ] - [ ERROR ] 解析数据异常，此数据不会发送
2019-12-18 14:14:12 [ main:1991 ] - [ ERROR ] 数据解析失败，查看传输数据是否正确
2019-12-18 14:14:12 [ main:1991 ] - [ ERROR ] 解析数据异常，此数据不会发送
2019-12-18 14:14:12 [ main:1991 ] - [ ERROR ] 数据解析失败，查看传输数据是否正确
2019-12-18 14:14:12 [ main:1992 ] - [ ERROR ] 解析数据异常，此数据不会发送
2019-12-18 14:14:12 [ main:1992 ] - [ ERROR ] 数据解析失败，查看传输数据是否正确
2019-12-18 14:14:12 [ main:1992 ] - [ ERROR ] 解析数据异常，此数据不会发送
2019-12-18 14:14:12 [ main:1992 ] - [ ERROR ] 数据解析失败，查看传输数据是否正确
2019-12-18 14:14:12 [ main:1992 ] - [ ERROR ] 解析数据异常，此数据不会发送
2019-12-18 14:14:12 [ main:1992 ] - [ ERROR ] 数据解析失败，查看传输数据是否正确
2019-12-18 14:14:12 [ main:1992 ] - [ ERROR ] 解析数据异常，此数据不会发送
2019-12-18 14:14:12 [ main:1994 ] - [ ERROR ] 数据解析失败，查看传输数据是否正确
2019-12-18 14:14:12 [ main:1994 ] - [ ERROR ] 解析数据异常，此数据不会发送
2019-12-18 14:14:12 [ main:1995 ] - [ ERROR ] 数据解析失败，查看传输数据是否正确
2019-12-18 14:14:12 [ main:1995 ] - [ ERROR ] 解析数据异常，此数据不会发送
2019-12-18 14:14:12 [ main:1995 ] - [ ERROR ] 数据解析失败，查看传输数据是否正确
2019-12-18 14:14:12 [ main:1995 ] - [ ERROR ] 解析数据异常，此数据不会发送
2019-12-18 14:14:12 [ main:1995 ] - [ ERROR ] 数据解析失败，查看传输数据是否正确
2019-12-18 14:14:12 [ main:1996 ] - [ ERROR ] 解析数据异常，此数据不会发送
2019-12-18 14:14:12 [ main:1996 ] - [ ERROR ] 数据解析失败，查看传输数据是否正确
2019-12-18 14:14:12 [ main:1996 ] - [ ERROR ] 解析数据异常，此数据不会发送
2019-12-18 14:14:12 [ main:1996 ] - [ ERROR ] 数据解析失败，查看传输数据是否正确
2019-12-18 14:14:12 [ main:1996 ] - [ ERROR ] 解析数据异常，此数据不会发送
2019-12-18 14:14:12 [ main:1996 ] - [ ERROR ] 数据解析失败，查看传输数据是否正确
2019-12-18 14:14:12 [ main:1996 ] - [ ERROR ] 解析数据异常，此数据不会发送
2019-12-18 14:14:12 [ main:1997 ] - [ ERROR ] 数据解析失败，查看传输数据是否正确
2019-12-18 14:14:12 [ main:1997 ] - [ ERROR ] 解析数据异常，此数据不会发送
2019-12-18 14:14:12 [ main:1997 ] - [ ERROR ] 数据解析失败，查看传输数据是否正确
2019-12-18 14:14:12 [ main:1997 ] - [ ERROR ] 解析数据异常，此数据不会发送
2019-12-18 14:14:12 [ main:1997 ] - [ ERROR ] 数据解析失败，查看传输数据是否正确
2019-12-18 14:14:12 [ main:1997 ] - [ ERROR ] 解析数据异常，此数据不会发送
2019-12-18 14:14:12 [ main:1998 ] - [ ERROR ] 数据解析失败，查看传输数据是否正确
2019-12-18 14:14:12 [ main:1998 ] - [ ERROR ] 解析数据异常，此数据不会发送
2019-12-18 14:14:12 [ main:1998 ] - [ ERROR ] 数据解析失败，查看传输数据是否正确
2019-12-18 14:14:12 [ main:1998 ] - [ ERROR ] 解析数据异常，此数据不会发送
2019-12-18 14:14:12 [ main:1998 ] - [ ERROR ] 数据解析失败，查看传输数据是否正确
2019-12-18 14:14:12 [ main:1998 ] - [ ERROR ] 解析数据异常，此数据不会发送
2019-12-18 14:14:12 [ main:1999 ] - [ ERROR ] 数据解析失败，查看传输数据是否正确
2019-12-18 14:14:12 [ main:1999 ] - [ ERROR ] 解析数据异常，此数据不会发送
2019-12-18 14:14:12 [ main:1999 ] - [ ERROR ] 数据解析失败，查看传输数据是否正确
2019-12-18 14:14:12 [ main:1999 ] - [ ERROR ] 解析数据异常，此数据不会发送
2019-12-18 14:14:12 [ main:1999 ] - [ ERROR ] 数据解析失败，查看传输数据是否正确
2019-12-18 14:14:12 [ main:1999 ] - [ ERROR ] 解析数据异常，此数据不会发送
2019-12-18 14:14:12 [ main:1999 ] - [ ERROR ] 数据解析失败，查看传输数据是否正确
2019-12-18 14:14:12 [ main:2000 ] - [ ERROR ] 解析数据异常，此数据不会发送
2019-12-18 14:14:12 [ main:2000 ] - [ ERROR ] 数据解析失败，查看传输数据是否正确
2019-12-18 14:14:12 [ main:2000 ] - [ ERROR ] 解析数据异常，此数据不会发送
2019-12-18 14:14:12 [ main:2000 ] - [ ERROR ] 数据解析失败，查看传输数据是否正确
2019-12-18 14:14:12 [ main:2000 ] - [ ERROR ] 解析数据异常，此数据不会发送
2019-12-18 14:14:12 [ main:2000 ] - [ ERROR ] 数据解析失败，查看传输数据是否正确
2019-12-18 14:14:12 [ main:2001 ] - [ ERROR ] 解析数据异常，此数据不会发送
2019-12-18 14:14:12 [ main:2001 ] - [ ERROR ] 数据解析失败，查看传输数据是否正确
2019-12-18 14:14:12 [ main:2001 ] - [ ERROR ] 解析数据异常，此数据不会发送
2019-12-18 14:14:12 [ main:2001 ] - [ ERROR ] 数据解析失败，查看传输数据是否正确
2019-12-18 14:14:12 [ main:2001 ] - [ ERROR ] 解析数据异常，此数据不会发送
2019-12-18 14:14:12 [ main:2001 ] - [ ERROR ] 数据解析失败，查看传输数据是否正确
2019-12-18 14:14:12 [ main:2001 ] - [ ERROR ] 解析数据异常，此数据不会发送
2019-12-18 14:14:12 [ main:2003 ] - [ ERROR ] 数据解析失败，查看传输数据是否正确
2019-12-18 14:14:12 [ main:2003 ] - [ ERROR ] 解析数据异常，此数据不会发送
2019-12-18 14:14:12 [ main:2003 ] - [ ERROR ] 数据解析失败，查看传输数据是否正确
2019-12-18 14:14:12 [ main:2003 ] - [ ERROR ] 解析数据异常，此数据不会发送
2019-12-18 14:14:12 [ main:2004 ] - [ ERROR ] 数据解析失败，查看传输数据是否正确
2019-12-18 14:14:12 [ main:2005 ] - [ ERROR ] 解析数据异常，此数据不会发送
2019-12-18 14:14:12 [ main:2005 ] - [ ERROR ] 数据解析失败，查看传输数据是否正确
2019-12-18 14:14:12 [ main:2006 ] - [ ERROR ] 解析数据异常，此数据不会发送
2019-12-18 14:14:12 [ main:2006 ] - [ ERROR ] 数据解析失败，查看传输数据是否正确
2019-12-18 14:14:12 [ main:2006 ] - [ ERROR ] 解析数据异常，此数据不会发送
2019-12-18 14:14:12 [ main:2006 ] - [ ERROR ] 数据解析失败，查看传输数据是否正确
2019-12-18 14:14:12 [ main:2007 ] - [ ERROR ] 解析数据异常，此数据不会发送
2019-12-18 14:14:12 [ main:2007 ] - [ ERROR ] 数据解析失败，查看传输数据是否正确
2019-12-18 14:14:12 [ main:2007 ] - [ ERROR ] 解析数据异常，此数据不会发送
2019-12-18 14:14:12 [ main:2008 ] - [ ERROR ] 数据解析失败，查看传输数据是否正确
2019-12-18 14:14:12 [ main:2008 ] - [ ERROR ] 解析数据异常，此数据不会发送
2019-12-18 14:14:12 [ main:2011 ] - [ ERROR ] 数据解析失败，查看传输数据是否正确
2019-12-18 14:14:12 [ main:2011 ] - [ ERROR ] 解析数据异常，此数据不会发送
2019-12-18 14:14:12 [ main:2013 ] - [ ERROR ] 数据解析失败，查看传输数据是否正确
2019-12-18 14:14:12 [ main:2013 ] - [ ERROR ] 解析数据异常，此数据不会发送
2019-12-18 14:14:12 [ main:2013 ] - [ ERROR ] 数据解析失败，查看传输数据是否正确
2019-12-18 14:14:12 [ main:2013 ] - [ ERROR ] 解析数据异常，此数据不会发送
2019-12-18 14:14:12 [ main:2014 ] - [ ERROR ] 数据解析失败，查看传输数据是否正确
2019-12-18 14:14:12 [ main:2014 ] - [ ERROR ] 解析数据异常，此数据不会发送
2019-12-18 14:14:12 [ main:2015 ] - [ ERROR ] 数据解析失败，查看传输数据是否正确
2019-12-18 14:14:12 [ main:2019 ] - [ ERROR ] 解析数据异常，此数据不会发送
2019-12-18 14:14:12 [ main:2020 ] - [ ERROR ] 数据解析失败，查看传输数据是否正确
2019-12-18 14:14:12 [ main:2020 ] - [ ERROR ] 解析数据异常，此数据不会发送
2019-12-18 14:14:12 [ main:2020 ] - [ ERROR ] 数据解析失败，查看传输数据是否正确
2019-12-18 14:14:12 [ main:2020 ] - [ ERROR ] 解析数据异常，此数据不会发送
2019-12-18 14:14:12 [ main:2021 ] - [ ERROR ] 数据解析失败，查看传输数据是否正确
2019-12-18 14:14:12 [ main:2021 ] - [ ERROR ] 解析数据异常，此数据不会发送
2019-12-18 14:14:12 [ main:2022 ] - [ ERROR ] 数据解析失败，查看传输数据是否正确
2019-12-18 14:14:12 [ main:2022 ] - [ ERROR ] 解析数据异常，此数据不会发送
2019-12-18 14:14:12 [ main:2022 ] - [ ERROR ] 数据解析失败，查看传输数据是否正确
2019-12-18 14:14:12 [ main:2022 ] - [ ERROR ] 解析数据异常，此数据不会发送
2019-12-18 14:14:12 [ main:2022 ] - [ ERROR ] 数据解析失败，查看传输数据是否正确
2019-12-18 14:14:12 [ main:2022 ] - [ ERROR ] 解析数据异常，此数据不会发送
2019-12-18 14:14:12 [ main:2023 ] - [ ERROR ] 数据解析失败，查看传输数据是否正确
2019-12-18 14:14:12 [ main:2023 ] - [ ERROR ] 解析数据异常，此数据不会发送
2019-12-18 14:14:12 [ main:2023 ] - [ ERROR ] 数据解析失败，查看传输数据是否正确
2019-12-18 14:14:12 [ main:2023 ] - [ ERROR ] 解析数据异常，此数据不会发送
2019-12-18 14:14:12 [ main:2023 ] - [ ERROR ] 数据解析失败，查看传输数据是否正确
2019-12-18 14:14:12 [ main:2023 ] - [ ERROR ] 解析数据异常，此数据不会发送
2019-12-18 14:14:12 [ main:2024 ] - [ ERROR ] 数据解析失败，查看传输数据是否正确
2019-12-18 14:14:12 [ main:2024 ] - [ ERROR ] 解析数据异常，此数据不会发送
2019-12-18 14:14:12 [ main:2024 ] - [ ERROR ] 数据解析失败，查看传输数据是否正确
2019-12-18 14:14:12 [ main:2024 ] - [ ERROR ] 解析数据异常，此数据不会发送
2019-12-18 14:14:12 [ main:2024 ] - [ ERROR ] 数据解析失败，查看传输数据是否正确
2019-12-18 14:14:12 [ main:2024 ] - [ ERROR ] 解析数据异常，此数据不会发送
2019-12-18 14:14:12 [ main:2024 ] - [ ERROR ] 数据解析失败，查看传输数据是否正确
2019-12-18 14:14:12 [ main:2025 ] - [ ERROR ] 解析数据异常，此数据不会发送
2019-12-18 14:14:12 [ main:2025 ] - [ ERROR ] 数据解析失败，查看传输数据是否正确
2019-12-18 14:14:12 [ main:2025 ] - [ ERROR ] 解析数据异常，此数据不会发送
2019-12-18 14:14:12 [ main:2025 ] - [ ERROR ] 数据解析失败，查看传输数据是否正确
2019-12-18 14:14:12 [ main:2025 ] - [ ERROR ] 解析数据异常，此数据不会发送
2019-12-18 14:14:12 [ main:2025 ] - [ ERROR ] 数据解析失败，查看传输数据是否正确
2019-12-18 14:14:12 [ main:2025 ] - [ ERROR ] 解析数据异常，此数据不会发送
2019-12-18 14:14:12 [ main:2026 ] - [ ERROR ] 数据解析失败，查看传输数据是否正确
2019-12-18 14:14:12 [ main:2026 ] - [ ERROR ] 解析数据异常，此数据不会发送
2019-12-18 14:14:12 [ main:2026 ] - [ ERROR ] 数据解析失败，查看传输数据是否正确
2019-12-18 14:14:12 [ main:2026 ] - [ ERROR ] 解析数据异常，此数据不会发送
2019-12-18 14:14:12 [ main:2026 ] - [ ERROR ] 数据解析失败，查看传输数据是否正确
2019-12-18 14:14:12 [ main:2026 ] - [ ERROR ] 解析数据异常，此数据不会发送
2019-12-18 14:14:12 [ main:2026 ] - [ ERROR ] 数据解析失败，查看传输数据是否正确
2019-12-18 14:14:12 [ main:2107 ] - [ ERROR ] 解析数据异常，此数据不会发送
2019-12-18 14:14:12 [ main:2107 ] - [ ERROR ] 数据解析失败，查看传输数据是否正确
2019-12-18 14:14:12 [ main:2107 ] - [ ERROR ] 解析数据异常，此数据不会发送
2019-12-18 14:14:12 [ main:2108 ] - [ ERROR ] 数据解析失败，查看传输数据是否正确
2019-12-18 14:14:12 [ main:2108 ] - [ ERROR ] 解析数据异常，此数据不会发送
2019-12-18 14:14:12 [ main:2108 ] - [ ERROR ] 数据解析失败，查看传输数据是否正确
2019-12-18 14:14:12 [ main:2108 ] - [ ERROR ] 解析数据异常，此数据不会发送
2019-12-18 14:14:12 [ main:2108 ] - [ ERROR ] 数据解析失败，查看传输数据是否正确
2019-12-18 14:14:12 [ main:2108 ] - [ ERROR ] 解析数据异常，此数据不会发送
2019-12-18 14:14:12 [ main:2122 ] - [ ERROR ] 数据解析失败，查看传输数据是否正确
2019-12-18 14:14:12 [ main:2122 ] - [ ERROR ] 解析数据异常，此数据不会发送
2019-12-18 14:14:12 [ main:2123 ] - [ ERROR ] 数据解析失败，查看传输数据是否正确
2019-12-18 14:14:12 [ main:2123 ] - [ ERROR ] 解析数据异常，此数据不会发送
2019-12-18 14:14:12 [ main:2123 ] - [ ERROR ] 数据解析失败，查看传输数据是否正确
2019-12-18 14:14:12 [ main:2123 ] - [ ERROR ] 解析数据异常，此数据不会发送
2019-12-18 14:14:12 [ main:2123 ] - [ ERROR ] 数据解析失败，查看传输数据是否正确
2019-12-18 14:14:12 [ main:2123 ] - [ ERROR ] 解析数据异常，此数据不会发送
2019-12-18 14:33:43 [ Thread-0:1097 ] - [ ERROR ] 数据解析失败，查看传输数据是否正确
2019-12-18 14:33:43 [ Thread-0:1098 ] - [ ERROR ] 解析数据异常，此数据不会发送
2019-12-18 16:00:21 [ location:1155 ] - [ ERROR ] 数据解析失败，查看传输数据是否正确
2019-12-18 16:00:21 [ location:1158 ] - [ ERROR ] 解析数据异常，此数据不会发送
2019-12-18 16:00:21 [ location:1164 ] - [ ERROR ] 数据解析失败，查看传输数据是否正确
2019-12-18 16:00:21 [ location:1164 ] - [ ERROR ] 解析数据异常，此数据不会发送
2019-12-18 16:00:21 [ location:1164 ] - [ ERROR ] 数据解析失败，查看传输数据是否正确
2019-12-18 16:00:21 [ location:1165 ] - [ ERROR ] 解析数据异常，此数据不会发送
2019-12-18 16:00:21 [ location:1165 ] - [ ERROR ] 数据解析失败，查看传输数据是否正确
2019-12-18 16:00:21 [ location:1165 ] - [ ERROR ] 解析数据异常，此数据不会发送
2019-12-18 16:00:21 [ location:1166 ] - [ ERROR ] 数据解析失败，查看传输数据是否正确
2019-12-18 16:00:21 [ location:1166 ] - [ ERROR ] 解析数据异常，此数据不会发送
2019-12-18 16:00:21 [ location:1166 ] - [ ERROR ] 数据解析失败，查看传输数据是否正确
2019-12-18 16:00:21 [ location:1166 ] - [ ERROR ] 解析数据异常，此数据不会发送
2019-12-18 16:00:21 [ location:1167 ] - [ ERROR ] 数据解析失败，查看传输数据是否正确
2019-12-18 16:00:21 [ location:1167 ] - [ ERROR ] 解析数据异常，此数据不会发送
2019-12-18 16:00:21 [ location:1167 ] - [ ERROR ] 数据解析失败，查看传输数据是否正确
2019-12-18 16:00:21 [ location:1168 ] - [ ERROR ] 解析数据异常，此数据不会发送
2019-12-18 16:00:21 [ location:1168 ] - [ ERROR ] 数据解析失败，查看传输数据是否正确
2019-12-18 16:00:21 [ location:1168 ] - [ ERROR ] 解析数据异常，此数据不会发送
2019-12-18 16:00:21 [ location:1170 ] - [ ERROR ] 数据解析失败，查看传输数据是否正确
2019-12-18 16:00:21 [ location:1170 ] - [ ERROR ] 解析数据异常，此数据不会发送
2019-12-18 16:00:21 [ location:1173 ] - [ ERROR ] 数据解析失败，查看传输数据是否正确
2019-12-18 16:00:21 [ location:1174 ] - [ ERROR ] 解析数据异常，此数据不会发送
2019-12-18 16:00:21 [ location:1174 ] - [ ERROR ] 数据解析失败，查看传输数据是否正确
2019-12-18 16:00:21 [ location:1174 ] - [ ERROR ] 解析数据异常，此数据不会发送
2019-12-18 16:00:21 [ location:1175 ] - [ ERROR ] 数据解析失败，查看传输数据是否正确
2019-12-18 16:00:21 [ location:1175 ] - [ ERROR ] 解析数据异常，此数据不会发送
2019-12-18 16:00:21 [ location:1175 ] - [ ERROR ] 数据解析失败，查看传输数据是否正确
2019-12-18 16:00:21 [ location:1176 ] - [ ERROR ] 解析数据异常，此数据不会发送
2019-12-18 16:00:21 [ location:1176 ] - [ ERROR ] 数据解析失败，查看传输数据是否正确
2019-12-18 16:00:21 [ location:1176 ] - [ ERROR ] 解析数据异常，此数据不会发送
2019-12-18 16:00:21 [ location:1177 ] - [ ERROR ] 数据解析失败，查看传输数据是否正确
2019-12-18 16:00:21 [ location:1177 ] - [ ERROR ] 解析数据异常，此数据不会发送
2019-12-18 16:00:21 [ location:1178 ] - [ ERROR ] 数据解析失败，查看传输数据是否正确
2019-12-18 16:00:21 [ location:1178 ] - [ ERROR ] 解析数据异常，此数据不会发送
2019-12-18 16:00:21 [ location:1179 ] - [ ERROR ] 数据解析失败，查看传输数据是否正确
2019-12-18 16:00:21 [ location:1179 ] - [ ERROR ] 解析数据异常，此数据不会发送
2019-12-18 16:00:21 [ location:1180 ] - [ ERROR ] 数据解析失败，查看传输数据是否正确
2019-12-18 16:00:21 [ location:1180 ] - [ ERROR ] 解析数据异常，此数据不会发送
2019-12-18 16:00:21 [ location:1186 ] - [ ERROR ] 数据解析失败，查看传输数据是否正确
2019-12-18 16:00:21 [ location:1187 ] - [ ERROR ] 解析数据异常，此数据不会发送
2019-12-18 16:00:21 [ location:1189 ] - [ ERROR ] 数据解析失败，查看传输数据是否正确
2019-12-18 16:00:21 [ location:1189 ] - [ ERROR ] 解析数据异常，此数据不会发送
2019-12-18 16:00:21 [ location:1189 ] - [ ERROR ] 数据解析失败，查看传输数据是否正确
2019-12-18 16:00:21 [ location:1189 ] - [ ERROR ] 解析数据异常，此数据不会发送
2019-12-18 16:00:21 [ location:1190 ] - [ ERROR ] 数据解析失败，查看传输数据是否正确
2019-12-18 16:00:21 [ location:1190 ] - [ ERROR ] 解析数据异常，此数据不会发送
2019-12-18 16:00:21 [ location:1190 ] - [ ERROR ] 数据解析失败，查看传输数据是否正确
2019-12-18 16:00:21 [ location:1190 ] - [ ERROR ] 解析数据异常，此数据不会发送
2019-12-18 16:00:21 [ location:1191 ] - [ ERROR ] 数据解析失败，查看传输数据是否正确
2019-12-18 16:00:21 [ location:1191 ] - [ ERROR ] 解析数据异常，此数据不会发送
2019-12-18 16:00:21 [ location:1192 ] - [ ERROR ] 数据解析失败，查看传输数据是否正确
2019-12-18 16:00:21 [ location:1192 ] - [ ERROR ] 解析数据异常，此数据不会发送
2019-12-18 16:00:21 [ location:1195 ] - [ ERROR ] 数据解析失败，查看传输数据是否正确
2019-12-18 16:00:21 [ location:1195 ] - [ ERROR ] 解析数据异常，此数据不会发送
2019-12-18 16:00:21 [ location:1195 ] - [ ERROR ] 数据解析失败，查看传输数据是否正确
2019-12-18 16:00:21 [ location:1195 ] - [ ERROR ] 解析数据异常，此数据不会发送
2019-12-18 16:00:21 [ location:1196 ] - [ ERROR ] 数据解析失败，查看传输数据是否正确
2019-12-18 16:00:21 [ location:1196 ] - [ ERROR ] 解析数据异常，此数据不会发送
2019-12-18 16:00:21 [ location:1196 ] - [ ERROR ] 数据解析失败，查看传输数据是否正确
2019-12-18 16:00:21 [ location:1197 ] - [ ERROR ] 解析数据异常，此数据不会发送
2019-12-18 16:00:21 [ location:1197 ] - [ ERROR ] 数据解析失败，查看传输数据是否正确
2019-12-18 16:00:21 [ location:1197 ] - [ ERROR ] 解析数据异常，此数据不会发送
2019-12-18 16:00:21 [ location:1198 ] - [ ERROR ] 数据解析失败，查看传输数据是否正确
2019-12-18 16:00:21 [ location:1198 ] - [ ERROR ] 解析数据异常，此数据不会发送
2019-12-18 16:00:21 [ location:1198 ] - [ ERROR ] 数据解析失败，查看传输数据是否正确
2019-12-18 16:00:21 [ location:1198 ] - [ ERROR ] 解析数据异常，此数据不会发送
2019-12-18 16:00:21 [ location:1199 ] - [ ERROR ] 数据解析失败，查看传输数据是否正确
2019-12-18 16:00:21 [ location:1199 ] - [ ERROR ] 解析数据异常，此数据不会发送
2019-12-18 16:00:21 [ location:1199 ] - [ ERROR ] 数据解析失败，查看传输数据是否正确
2019-12-18 16:00:21 [ location:1200 ] - [ ERROR ] 解析数据异常，此数据不会发送
2019-12-18 16:00:21 [ location:1201 ] - [ ERROR ] 数据解析失败，查看传输数据是否正确
2019-12-18 16:00:21 [ location:1201 ] - [ ERROR ] 解析数据异常，此数据不会发送
2019-12-18 16:00:21 [ location:1201 ] - [ ERROR ] 数据解析失败，查看传输数据是否正确
2019-12-18 16:00:21 [ location:1202 ] - [ ERROR ] 解析数据异常，此数据不会发送
2019-12-18 16:00:21 [ location:1203 ] - [ ERROR ] 数据解析失败，查看传输数据是否正确
2019-12-18 16:00:21 [ location:1203 ] - [ ERROR ] 解析数据异常，此数据不会发送
2019-12-18 16:00:21 [ location:1204 ] - [ ERROR ] 数据解析失败，查看传输数据是否正确
2019-12-18 16:00:21 [ location:1204 ] - [ ERROR ] 解析数据异常，此数据不会发送
2019-12-18 16:00:21 [ location:1204 ] - [ ERROR ] 数据解析失败，查看传输数据是否正确
2019-12-18 16:00:21 [ location:1205 ] - [ ERROR ] 解析数据异常，此数据不会发送
2019-12-18 16:00:21 [ location:1205 ] - [ ERROR ] 数据解析失败，查看传输数据是否正确
2019-12-18 16:00:21 [ location:1206 ] - [ ERROR ] 解析数据异常，此数据不会发送
2019-12-18 16:00:21 [ location:1206 ] - [ ERROR ] 数据解析失败，查看传输数据是否正确
2019-12-18 16:00:21 [ location:1206 ] - [ ERROR ] 解析数据异常，此数据不会发送
2019-12-18 16:00:21 [ location:1207 ] - [ ERROR ] 数据解析失败，查看传输数据是否正确
2019-12-18 16:00:21 [ location:1207 ] - [ ERROR ] 解析数据异常，此数据不会发送
2019-12-18 16:00:21 [ location:1209 ] - [ ERROR ] 数据解析失败，查看传输数据是否正确
2019-12-18 16:00:21 [ location:1209 ] - [ ERROR ] 解析数据异常，此数据不会发送
2019-12-18 16:00:21 [ location:1209 ] - [ ERROR ] 数据解析失败，查看传输数据是否正确
2019-12-18 16:00:21 [ location:1209 ] - [ ERROR ] 解析数据异常，此数据不会发送
2019-12-18 16:00:21 [ location:1210 ] - [ ERROR ] 数据解析失败，查看传输数据是否正确
2019-12-18 16:00:21 [ location:1210 ] - [ ERROR ] 解析数据异常，此数据不会发送
2019-12-18 16:00:21 [ location:1211 ] - [ ERROR ] 数据解析失败，查看传输数据是否正确
2019-12-18 16:00:21 [ location:1213 ] - [ ERROR ] 解析数据异常，此数据不会发送
2019-12-18 16:00:21 [ location:1213 ] - [ ERROR ] 数据解析失败，查看传输数据是否正确
2019-12-18 16:00:21 [ location:1214 ] - [ ERROR ] 解析数据异常，此数据不会发送
2019-12-18 16:00:21 [ location:1214 ] - [ ERROR ] 数据解析失败，查看传输数据是否正确
2019-12-18 16:00:21 [ location:1214 ] - [ ERROR ] 解析数据异常，此数据不会发送
2019-12-18 16:00:21 [ location:1214 ] - [ ERROR ] 数据解析失败，查看传输数据是否正确
2019-12-18 16:00:21 [ location:1214 ] - [ ERROR ] 解析数据异常，此数据不会发送
2019-12-18 16:03:59 [ location:1392 ] - [ ERROR ] 数据解析失败，查看传输数据是否正确
2019-12-18 16:03:59 [ location:1393 ] - [ ERROR ] 解析数据异常，此数据不会发送
2019-12-18 16:03:59 [ location:1396 ] - [ ERROR ] 数据解析失败，查看传输数据是否正确
2019-12-18 16:03:59 [ location:1397 ] - [ ERROR ] 解析数据异常，此数据不会发送
2019-12-18 16:03:59 [ location:1397 ] - [ ERROR ] 数据解析失败，查看传输数据是否正确
2019-12-18 16:03:59 [ location:1398 ] - [ ERROR ] 解析数据异常，此数据不会发送
2019-12-18 16:03:59 [ location:1398 ] - [ ERROR ] 数据解析失败，查看传输数据是否正确
2019-12-18 16:03:59 [ location:1399 ] - [ ERROR ] 解析数据异常，此数据不会发送
2019-12-18 16:03:59 [ location:1399 ] - [ ERROR ] 数据解析失败，查看传输数据是否正确
2019-12-18 16:03:59 [ location:1399 ] - [ ERROR ] 解析数据异常，此数据不会发送
2019-12-18 16:03:59 [ location:1400 ] - [ ERROR ] 数据解析失败，查看传输数据是否正确
2019-12-18 16:03:59 [ location:1400 ] - [ ERROR ] 解析数据异常，此数据不会发送
2019-12-18 16:03:59 [ location:1400 ] - [ ERROR ] 数据解析失败，查看传输数据是否正确
2019-12-18 16:03:59 [ location:1400 ] - [ ERROR ] 解析数据异常，此数据不会发送
2019-12-18 16:03:59 [ location:1401 ] - [ ERROR ] 数据解析失败，查看传输数据是否正确
2019-12-18 16:03:59 [ location:1401 ] - [ ERROR ] 解析数据异常，此数据不会发送
2019-12-18 16:03:59 [ location:1402 ] - [ ERROR ] 数据解析失败，查看传输数据是否正确
2019-12-18 16:03:59 [ location:1403 ] - [ ERROR ] 解析数据异常，此数据不会发送
2019-12-18 16:03:59 [ location:1403 ] - [ ERROR ] 数据解析失败，查看传输数据是否正确
2019-12-18 16:03:59 [ location:1404 ] - [ ERROR ] 解析数据异常，此数据不会发送
2019-12-18 16:03:59 [ location:1404 ] - [ ERROR ] 数据解析失败，查看传输数据是否正确
2019-12-18 16:03:59 [ location:1405 ] - [ ERROR ] 解析数据异常，此数据不会发送
2019-12-18 16:03:59 [ location:1405 ] - [ ERROR ] 数据解析失败，查看传输数据是否正确
2019-12-18 16:03:59 [ location:1405 ] - [ ERROR ] 解析数据异常，此数据不会发送
2019-12-18 16:03:59 [ location:1406 ] - [ ERROR ] 数据解析失败，查看传输数据是否正确
2019-12-18 16:03:59 [ location:1406 ] - [ ERROR ] 解析数据异常，此数据不会发送
2019-12-18 16:03:59 [ location:1406 ] - [ ERROR ] 数据解析失败，查看传输数据是否正确
2019-12-18 16:03:59 [ location:1406 ] - [ ERROR ] 解析数据异常，此数据不会发送
2019-12-18 16:03:59 [ location:1407 ] - [ ERROR ] 数据解析失败，查看传输数据是否正确
2019-12-18 16:03:59 [ location:1407 ] - [ ERROR ] 解析数据异常，此数据不会发送
2019-12-18 16:03:59 [ location:1407 ] - [ ERROR ] 数据解析失败，查看传输数据是否正确
2019-12-18 16:03:59 [ location:1408 ] - [ ERROR ] 解析数据异常，此数据不会发送
2019-12-18 16:03:59 [ location:1408 ] - [ ERROR ] 数据解析失败，查看传输数据是否正确
2019-12-18 16:03:59 [ location:1408 ] - [ ERROR ] 解析数据异常，此数据不会发送
2019-12-18 16:03:59 [ location:1408 ] - [ ERROR ] 数据解析失败，查看传输数据是否正确
2019-12-18 16:03:59 [ location:1409 ] - [ ERROR ] 解析数据异常，此数据不会发送
2019-12-18 16:03:59 [ location:1409 ] - [ ERROR ] 数据解析失败，查看传输数据是否正确
2019-12-18 16:03:59 [ location:1413 ] - [ ERROR ] 解析数据异常，此数据不会发送
2019-12-18 16:03:59 [ location:1413 ] - [ ERROR ] 数据解析失败，查看传输数据是否正确
2019-12-18 16:03:59 [ location:1413 ] - [ ERROR ] 解析数据异常，此数据不会发送
2019-12-18 16:03:59 [ location:1414 ] - [ ERROR ] 数据解析失败，查看传输数据是否正确
2019-12-18 16:03:59 [ location:1414 ] - [ ERROR ] 解析数据异常，此数据不会发送
2019-12-18 16:03:59 [ location:1414 ] - [ ERROR ] 数据解析失败，查看传输数据是否正确
2019-12-18 16:03:59 [ location:1414 ] - [ ERROR ] 解析数据异常，此数据不会发送
2019-12-18 16:03:59 [ location:1415 ] - [ ERROR ] 数据解析失败，查看传输数据是否正确
2019-12-18 16:03:59 [ location:1415 ] - [ ERROR ] 解析数据异常，此数据不会发送
2019-12-18 16:03:59 [ location:1420 ] - [ ERROR ] 数据解析失败，查看传输数据是否正确
2019-12-18 16:03:59 [ location:1420 ] - [ ERROR ] 解析数据异常，此数据不会发送
2019-12-18 16:03:59 [ location:1421 ] - [ ERROR ] 数据解析失败，查看传输数据是否正确
2019-12-18 16:03:59 [ location:1421 ] - [ ERROR ] 解析数据异常，此数据不会发送
2019-12-18 16:03:59 [ location:1421 ] - [ ERROR ] 数据解析失败，查看传输数据是否正确
2019-12-18 16:03:59 [ location:1421 ] - [ ERROR ] 解析数据异常，此数据不会发送
2019-12-18 16:03:59 [ location:1421 ] - [ ERROR ] 数据解析失败，查看传输数据是否正确
2019-12-18 16:03:59 [ location:1422 ] - [ ERROR ] 解析数据异常，此数据不会发送
2019-12-18 16:03:59 [ location:1422 ] - [ ERROR ] 数据解析失败，查看传输数据是否正确
2019-12-18 16:03:59 [ location:1422 ] - [ ERROR ] 解析数据异常，此数据不会发送
2019-12-18 16:03:59 [ location:1422 ] - [ ERROR ] 数据解析失败，查看传输数据是否正确
2019-12-18 16:03:59 [ location:1422 ] - [ ERROR ] 解析数据异常，此数据不会发送
2019-12-18 16:03:59 [ location:1423 ] - [ ERROR ] 数据解析失败，查看传输数据是否正确
2019-12-18 16:03:59 [ location:1423 ] - [ ERROR ] 解析数据异常，此数据不会发送
2019-12-18 16:03:59 [ location:1423 ] - [ ERROR ] 数据解析失败，查看传输数据是否正确
2019-12-18 16:03:59 [ location:1423 ] - [ ERROR ] 解析数据异常，此数据不会发送
2019-12-18 16:03:59 [ location:1424 ] - [ ERROR ] 数据解析失败，查看传输数据是否正确
2019-12-18 16:03:59 [ location:1430 ] - [ ERROR ] 解析数据异常，此数据不会发送
2019-12-18 16:03:59 [ location:1430 ] - [ ERROR ] 数据解析失败，查看传输数据是否正确
2019-12-18 16:03:59 [ location:1430 ] - [ ERROR ] 解析数据异常，此数据不会发送
2019-12-18 16:03:59 [ location:1431 ] - [ ERROR ] 数据解析失败，查看传输数据是否正确
2019-12-18 16:03:59 [ location:1431 ] - [ ERROR ] 解析数据异常，此数据不会发送
2019-12-18 16:03:59 [ location:1431 ] - [ ERROR ] 数据解析失败，查看传输数据是否正确
2019-12-18 16:03:59 [ location:1431 ] - [ ERROR ] 解析数据异常，此数据不会发送
2019-12-18 16:03:59 [ location:1432 ] - [ ERROR ] 数据解析失败，查看传输数据是否正确
2019-12-18 16:03:59 [ location:1432 ] - [ ERROR ] 解析数据异常，此数据不会发送
2019-12-18 16:03:59 [ location:1432 ] - [ ERROR ] 数据解析失败，查看传输数据是否正确
2019-12-18 16:03:59 [ location:1432 ] - [ ERROR ] 解析数据异常，此数据不会发送
2019-12-18 16:03:59 [ location:1433 ] - [ ERROR ] 数据解析失败，查看传输数据是否正确
2019-12-18 16:03:59 [ location:1433 ] - [ ERROR ] 解析数据异常，此数据不会发送
2019-12-18 16:03:59 [ location:1433 ] - [ ERROR ] 数据解析失败，查看传输数据是否正确
2019-12-18 16:03:59 [ location:1433 ] - [ ERROR ] 解析数据异常，此数据不会发送
2019-12-18 16:03:59 [ location:1434 ] - [ ERROR ] 数据解析失败，查看传输数据是否正确
2019-12-18 16:03:59 [ location:1435 ] - [ ERROR ] 解析数据异常，此数据不会发送
2019-12-18 16:03:59 [ location:1436 ] - [ ERROR ] 数据解析失败，查看传输数据是否正确
2019-12-18 16:03:59 [ location:1436 ] - [ ERROR ] 解析数据异常，此数据不会发送
2019-12-18 16:03:59 [ location:1436 ] - [ ERROR ] 数据解析失败，查看传输数据是否正确
2019-12-18 16:03:59 [ location:1437 ] - [ ERROR ] 解析数据异常，此数据不会发送
2019-12-18 16:03:59 [ location:1437 ] - [ ERROR ] 数据解析失败，查看传输数据是否正确
2019-12-18 16:03:59 [ location:1437 ] - [ ERROR ] 解析数据异常，此数据不会发送
2019-12-18 16:03:59 [ location:1437 ] - [ ERROR ] 数据解析失败，查看传输数据是否正确
2019-12-18 16:03:59 [ location:1437 ] - [ ERROR ] 解析数据异常，此数据不会发送
2019-12-18 16:03:59 [ location:1438 ] - [ ERROR ] 数据解析失败，查看传输数据是否正确
2019-12-18 16:03:59 [ location:1438 ] - [ ERROR ] 解析数据异常，此数据不会发送
2019-12-18 16:03:59 [ location:1438 ] - [ ERROR ] 数据解析失败，查看传输数据是否正确
2019-12-18 16:03:59 [ location:1438 ] - [ ERROR ] 解析数据异常，此数据不会发送
2019-12-18 16:03:59 [ location:1438 ] - [ ERROR ] 数据解析失败，查看传输数据是否正确
2019-12-18 16:03:59 [ location:1439 ] - [ ERROR ] 解析数据异常，此数据不会发送
2019-12-18 16:03:59 [ location:1439 ] - [ ERROR ] 数据解析失败，查看传输数据是否正确
2019-12-18 16:03:59 [ location:1439 ] - [ ERROR ] 解析数据异常，此数据不会发送
2019-12-18 16:03:59 [ location:1439 ] - [ ERROR ] 数据解析失败，查看传输数据是否正确
2019-12-18 16:03:59 [ location:1439 ] - [ ERROR ] 解析数据异常，此数据不会发送
2019-12-18 16:03:59 [ location:1440 ] - [ ERROR ] 数据解析失败，查看传输数据是否正确
2019-12-18 16:03:59 [ location:1440 ] - [ ERROR ] 解析数据异常，此数据不会发送
2019-12-18 16:03:59 [ location:1440 ] - [ ERROR ] 数据解析失败，查看传输数据是否正确
2019-12-18 16:03:59 [ location:1440 ] - [ ERROR ] 解析数据异常，此数据不会发送
2019-12-18 16:03:59 [ location:1440 ] - [ ERROR ] 数据解析失败，查看传输数据是否正确
2019-12-18 16:03:59 [ location:1440 ] - [ ERROR ] 解析数据异常，此数据不会发送
2019-12-18 16:03:59 [ location:1441 ] - [ ERROR ] 数据解析失败，查看传输数据是否正确
2019-12-18 16:03:59 [ location:1441 ] - [ ERROR ] 解析数据异常，此数据不会发送
2019-12-18 16:03:59 [ location:1441 ] - [ ERROR ] 数据解析失败，查看传输数据是否正确
2019-12-18 16:03:59 [ location:1441 ] - [ ERROR ] 解析数据异常，此数据不会发送
2019-12-18 16:03:59 [ location:1442 ] - [ ERROR ] 数据解析失败，查看传输数据是否正确
2019-12-18 16:03:59 [ location:1442 ] - [ ERROR ] 解析数据异常，此数据不会发送
2019-12-18 16:03:59 [ location:1442 ] - [ ERROR ] 数据解析失败，查看传输数据是否正确
2019-12-18 16:03:59 [ location:1442 ] - [ ERROR ] 解析数据异常，此数据不会发送
2019-12-18 16:03:59 [ location:1442 ] - [ ERROR ] 数据解析失败，查看传输数据是否正确
2019-12-18 16:03:59 [ location:1442 ] - [ ERROR ] 解析数据异常，此数据不会发送
2019-12-18 16:03:59 [ location:1443 ] - [ ERROR ] 数据解析失败，查看传输数据是否正确
2019-12-18 16:03:59 [ location:1443 ] - [ ERROR ] 解析数据异常，此数据不会发送
2019-12-18 16:03:59 [ location:1443 ] - [ ERROR ] 数据解析失败，查看传输数据是否正确
2019-12-18 16:03:59 [ location:1443 ] - [ ERROR ] 解析数据异常，此数据不会发送
2019-12-18 16:03:59 [ location:1444 ] - [ ERROR ] 数据解析失败，查看传输数据是否正确
2019-12-18 16:03:59 [ location:1454 ] - [ ERROR ] 解析数据异常，此数据不会发送
2019-12-18 16:03:59 [ location:1454 ] - [ ERROR ] 数据解析失败，查看传输数据是否正确
2019-12-18 16:03:59 [ location:1454 ] - [ ERROR ] 解析数据异常，此数据不会发送
2019-12-18 16:03:59 [ location:1454 ] - [ ERROR ] 数据解析失败，查看传输数据是否正确
2019-12-18 16:03:59 [ location:1454 ] - [ ERROR ] 解析数据异常，此数据不会发送
2019-12-18 16:03:59 [ location:1455 ] - [ ERROR ] 数据解析失败，查看传输数据是否正确
2019-12-18 16:03:59 [ location:1455 ] - [ ERROR ] 解析数据异常，此数据不会发送
2019-12-18 16:03:59 [ location:1455 ] - [ ERROR ] 数据解析失败，查看传输数据是否正确
2019-12-18 16:03:59 [ location:1455 ] - [ ERROR ] 解析数据异常，此数据不会发送
2019-12-18 16:03:59 [ location:1455 ] - [ ERROR ] 数据解析失败，查看传输数据是否正确
2019-12-18 16:03:59 [ location:1455 ] - [ ERROR ] 解析数据异常，此数据不会发送
2019-12-18 16:03:59 [ location:1456 ] - [ ERROR ] 数据解析失败，查看传输数据是否正确
2019-12-18 16:03:59 [ location:1456 ] - [ ERROR ] 解析数据异常，此数据不会发送
2019-12-18 16:03:59 [ location:1456 ] - [ ERROR ] 数据解析失败，查看传输数据是否正确
2019-12-18 16:03:59 [ location:1456 ] - [ ERROR ] 解析数据异常，此数据不会发送
2019-12-18 16:03:59 [ location:1457 ] - [ ERROR ] 数据解析失败，查看传输数据是否正确
2019-12-18 16:03:59 [ location:1457 ] - [ ERROR ] 解析数据异常，此数据不会发送
2019-12-18 16:03:59 [ location:1457 ] - [ ERROR ] 数据解析失败，查看传输数据是否正确
2019-12-18 16:03:59 [ location:1457 ] - [ ERROR ] 解析数据异常，此数据不会发送
2019-12-18 16:03:59 [ location:1462 ] - [ ERROR ] 数据解析失败，查看传输数据是否正确
2019-12-18 16:03:59 [ location:1463 ] - [ ERROR ] 解析数据异常，此数据不会发送
2019-12-18 16:03:59 [ location:1463 ] - [ ERROR ] 数据解析失败，查看传输数据是否正确
2019-12-18 16:03:59 [ location:1463 ] - [ ERROR ] 解析数据异常，此数据不会发送
2019-12-18 16:03:59 [ location:1463 ] - [ ERROR ] 数据解析失败，查看传输数据是否正确
2019-12-18 16:03:59 [ location:1463 ] - [ ERROR ] 解析数据异常，此数据不会发送
2019-12-18 16:03:59 [ location:1464 ] - [ ERROR ] 数据解析失败，查看传输数据是否正确
2019-12-18 16:03:59 [ location:1464 ] - [ ERROR ] 解析数据异常，此数据不会发送
2019-12-18 16:03:59 [ location:1464 ] - [ ERROR ] 数据解析失败，查看传输数据是否正确
2019-12-18 16:03:59 [ location:1464 ] - [ ERROR ] 解析数据异常，此数据不会发送
2019-12-18 16:03:59 [ location:1464 ] - [ ERROR ] 数据解析失败，查看传输数据是否正确
2019-12-18 16:03:59 [ location:1465 ] - [ ERROR ] 解析数据异常，此数据不会发送
2019-12-18 16:03:59 [ location:1465 ] - [ ERROR ] 数据解析失败，查看传输数据是否正确
2019-12-18 16:03:59 [ location:1465 ] - [ ERROR ] 解析数据异常，此数据不会发送
2019-12-18 16:03:59 [ location:1465 ] - [ ERROR ] 数据解析失败，查看传输数据是否正确
2019-12-18 16:03:59 [ location:1465 ] - [ ERROR ] 解析数据异常，此数据不会发送
2019-12-18 16:03:59 [ location:1466 ] - [ ERROR ] 数据解析失败，查看传输数据是否正确
2019-12-18 16:03:59 [ location:1466 ] - [ ERROR ] 解析数据异常，此数据不会发送
2019-12-18 16:03:59 [ location:1466 ] - [ ERROR ] 数据解析失败，查看传输数据是否正确
2019-12-18 16:03:59 [ location:1466 ] - [ ERROR ] 解析数据异常，此数据不会发送
2019-12-18 16:03:59 [ location:1466 ] - [ ERROR ] 数据解析失败，查看传输数据是否正确
2019-12-18 16:03:59 [ location:1466 ] - [ ERROR ] 解析数据异常，此数据不会发送
2019-12-18 16:03:59 [ location:1467 ] - [ ERROR ] 数据解析失败，查看传输数据是否正确
2019-12-18 16:03:59 [ location:1485 ] - [ ERROR ] 解析数据异常，此数据不会发送
2019-12-18 16:03:59 [ location:1485 ] - [ ERROR ] 数据解析失败，查看传输数据是否正确
2019-12-18 16:03:59 [ location:1485 ] - [ ERROR ] 解析数据异常，此数据不会发送
2019-12-18 16:03:59 [ location:1486 ] - [ ERROR ] 数据解析失败，查看传输数据是否正确
2019-12-18 16:03:59 [ location:1486 ] - [ ERROR ] 解析数据异常，此数据不会发送
2019-12-18 16:03:59 [ location:1486 ] - [ ERROR ] 数据解析失败，查看传输数据是否正确
2019-12-18 16:03:59 [ location:1486 ] - [ ERROR ] 解析数据异常，此数据不会发送
2019-12-18 16:03:59 [ location:1486 ] - [ ERROR ] 数据解析失败，查看传输数据是否正确
2019-12-18 16:03:59 [ location:1486 ] - [ ERROR ] 解析数据异常，此数据不会发送
2019-12-18 16:03:59 [ location:1487 ] - [ ERROR ] 数据解析失败，查看传输数据是否正确
2019-12-18 16:03:59 [ location:1487 ] - [ ERROR ] 解析数据异常，此数据不会发送
2019-12-18 16:03:59 [ location:1487 ] - [ ERROR ] 数据解析失败，查看传输数据是否正确
2019-12-18 16:03:59 [ location:1487 ] - [ ERROR ] 解析数据异常，此数据不会发送
2019-12-18 16:03:59 [ location:1487 ] - [ ERROR ] 数据解析失败，查看传输数据是否正确
2019-12-18 16:03:59 [ location:1487 ] - [ ERROR ] 解析数据异常，此数据不会发送
2019-12-18 16:03:59 [ location:1488 ] - [ ERROR ] 数据解析失败，查看传输数据是否正确
2019-12-18 16:03:59 [ location:1488 ] - [ ERROR ] 解析数据异常，此数据不会发送
2019-12-18 16:03:59 [ location:1488 ] - [ ERROR ] 数据解析失败，查看传输数据是否正确
2019-12-18 16:03:59 [ location:1488 ] - [ ERROR ] 解析数据异常，此数据不会发送
2019-12-18 16:03:59 [ location:1488 ] - [ ERROR ] 数据解析失败，查看传输数据是否正确
2019-12-18 16:03:59 [ location:1489 ] - [ ERROR ] 解析数据异常，此数据不会发送
2019-12-18 16:03:59 [ location:1489 ] - [ ERROR ] 数据解析失败，查看传输数据是否正确
2019-12-18 16:03:59 [ location:1489 ] - [ ERROR ] 解析数据异常，此数据不会发送
2019-12-18 16:03:59 [ location:1489 ] - [ ERROR ] 数据解析失败，查看传输数据是否正确
2019-12-18 16:03:59 [ location:1489 ] - [ ERROR ] 解析数据异常，此数据不会发送
2019-12-18 16:03:59 [ location:1490 ] - [ ERROR ] 数据解析失败，查看传输数据是否正确
2019-12-18 16:03:59 [ location:1490 ] - [ ERROR ] 解析数据异常，此数据不会发送
2019-12-18 16:03:59 [ location:1490 ] - [ ERROR ] 数据解析失败，查看传输数据是否正确
2019-12-18 16:03:59 [ location:1490 ] - [ ERROR ] 解析数据异常，此数据不会发送
2019-12-18 16:03:59 [ location:1490 ] - [ ERROR ] 数据解析失败，查看传输数据是否正确
2019-12-18 16:03:59 [ location:1490 ] - [ ERROR ] 解析数据异常，此数据不会发送
2019-12-18 16:03:59 [ location:1491 ] - [ ERROR ] 数据解析失败，查看传输数据是否正确
2019-12-18 16:03:59 [ location:1491 ] - [ ERROR ] 解析数据异常，此数据不会发送
2019-12-18 16:03:59 [ location:1491 ] - [ ERROR ] 数据解析失败，查看传输数据是否正确
2019-12-18 16:03:59 [ location:1491 ] - [ ERROR ] 解析数据异常，此数据不会发送
2019-12-18 16:03:59 [ location:1491 ] - [ ERROR ] 数据解析失败，查看传输数据是否正确
2019-12-18 16:03:59 [ location:1491 ] - [ ERROR ] 解析数据异常，此数据不会发送
2019-12-18 16:03:59 [ location:1492 ] - [ ERROR ] 数据解析失败，查看传输数据是否正确
2019-12-18 16:03:59 [ location:1492 ] - [ ERROR ] 解析数据异常，此数据不会发送
2019-12-18 16:03:59 [ location:1492 ] - [ ERROR ] 数据解析失败，查看传输数据是否正确
2019-12-18 16:03:59 [ location:1492 ] - [ ERROR ] 解析数据异常，此数据不会发送
2019-12-18 16:03:59 [ location:1492 ] - [ ERROR ] 数据解析失败，查看传输数据是否正确
2019-12-18 16:03:59 [ location:1492 ] - [ ERROR ] 解析数据异常，此数据不会发送
2019-12-18 16:03:59 [ location:1492 ] - [ ERROR ] 数据解析失败，查看传输数据是否正确
2019-12-18 16:03:59 [ location:1493 ] - [ ERROR ] 解析数据异常，此数据不会发送
2019-12-18 16:03:59 [ location:1493 ] - [ ERROR ] 数据解析失败，查看传输数据是否正确
2019-12-18 16:03:59 [ location:1493 ] - [ ERROR ] 解析数据异常，此数据不会发送
2019-12-18 16:03:59 [ location:1493 ] - [ ERROR ] 数据解析失败，查看传输数据是否正确
2019-12-18 16:03:59 [ location:1493 ] - [ ERROR ] 解析数据异常，此数据不会发送
2019-12-18 16:03:59 [ location:1493 ] - [ ERROR ] 数据解析失败，查看传输数据是否正确
2019-12-18 16:03:59 [ location:1493 ] - [ ERROR ] 解析数据异常，此数据不会发送
2019-12-18 16:03:59 [ location:1494 ] - [ ERROR ] 数据解析失败，查看传输数据是否正确
2019-12-18 16:03:59 [ location:1494 ] - [ ERROR ] 解析数据异常，此数据不会发送
2019-12-18 16:03:59 [ location:1494 ] - [ ERROR ] 数据解析失败，查看传输数据是否正确
2019-12-18 16:03:59 [ location:1494 ] - [ ERROR ] 解析数据异常，此数据不会发送
2019-12-18 16:03:59 [ location:1498 ] - [ ERROR ] 数据解析失败，查看传输数据是否正确
2019-12-18 16:03:59 [ location:1498 ] - [ ERROR ] 解析数据异常，此数据不会发送
2019-12-18 16:03:59 [ location:1535 ] - [ ERROR ] 数据解析失败，查看传输数据是否正确
2019-12-18 16:03:59 [ location:1537 ] - [ ERROR ] 解析数据异常，此数据不会发送
2019-12-18 16:03:59 [ location:1537 ] - [ ERROR ] 数据解析失败，查看传输数据是否正确
2019-12-18 16:03:59 [ location:1537 ] - [ ERROR ] 解析数据异常，此数据不会发送
2019-12-18 16:03:59 [ location:1538 ] - [ ERROR ] 数据解析失败，查看传输数据是否正确
2019-12-18 16:03:59 [ location:1538 ] - [ ERROR ] 解析数据异常，此数据不会发送
2019-12-18 16:03:59 [ location:1539 ] - [ ERROR ] 数据解析失败，查看传输数据是否正确
2019-12-18 16:03:59 [ location:1539 ] - [ ERROR ] 解析数据异常，此数据不会发送
2019-12-18 16:03:59 [ location:1540 ] - [ ERROR ] 数据解析失败，查看传输数据是否正确
2019-12-18 16:03:59 [ location:1540 ] - [ ERROR ] 解析数据异常，此数据不会发送
2019-12-18 16:03:59 [ location:1540 ] - [ ERROR ] 数据解析失败，查看传输数据是否正确
2019-12-18 16:03:59 [ location:1540 ] - [ ERROR ] 解析数据异常，此数据不会发送
2019-12-18 16:03:59 [ location:1541 ] - [ ERROR ] 数据解析失败，查看传输数据是否正确
2019-12-18 16:03:59 [ location:1541 ] - [ ERROR ] 解析数据异常，此数据不会发送
2019-12-18 16:03:59 [ location:1544 ] - [ ERROR ] 数据解析失败，查看传输数据是否正确
2019-12-18 16:03:59 [ location:1544 ] - [ ERROR ] 解析数据异常，此数据不会发送
2019-12-18 16:03:59 [ location:1551 ] - [ ERROR ] 数据解析失败，查看传输数据是否正确
2019-12-18 16:03:59 [ location:1551 ] - [ ERROR ] 解析数据异常，此数据不会发送
2019-12-18 16:03:59 [ location:1551 ] - [ ERROR ] 数据解析失败，查看传输数据是否正确
2019-12-18 16:03:59 [ location:1551 ] - [ ERROR ] 解析数据异常，此数据不会发送
2019-12-18 16:03:59 [ location:1552 ] - [ ERROR ] 数据解析失败，查看传输数据是否正确
2019-12-18 16:03:59 [ location:1552 ] - [ ERROR ] 解析数据异常，此数据不会发送
2019-12-18 16:03:59 [ location:1552 ] - [ ERROR ] 数据解析失败，查看传输数据是否正确
2019-12-18 16:03:59 [ location:1552 ] - [ ERROR ] 解析数据异常，此数据不会发送
2019-12-18 16:03:59 [ location:1552 ] - [ ERROR ] 数据解析失败，查看传输数据是否正确
2019-12-18 16:03:59 [ location:1552 ] - [ ERROR ] 解析数据异常，此数据不会发送
2019-12-18 16:03:59 [ location:1552 ] - [ ERROR ] 数据解析失败，查看传输数据是否正确
2019-12-18 16:03:59 [ location:1553 ] - [ ERROR ] 解析数据异常，此数据不会发送
2019-12-18 16:03:59 [ location:1553 ] - [ ERROR ] 数据解析失败，查看传输数据是否正确
2019-12-18 16:03:59 [ location:1553 ] - [ ERROR ] 解析数据异常，此数据不会发送
2019-12-18 16:03:59 [ location:1561 ] - [ ERROR ] 数据解析失败，查看传输数据是否正确
2019-12-18 16:03:59 [ location:1561 ] - [ ERROR ] 解析数据异常，此数据不会发送
2019-12-18 16:03:59 [ location:1562 ] - [ ERROR ] 数据解析失败，查看传输数据是否正确
2019-12-18 16:03:59 [ location:1562 ] - [ ERROR ] 解析数据异常，此数据不会发送
2019-12-18 16:03:59 [ location:1562 ] - [ ERROR ] 数据解析失败，查看传输数据是否正确
2019-12-18 16:03:59 [ location:1562 ] - [ ERROR ] 解析数据异常，此数据不会发送
2019-12-18 16:03:59 [ location:1562 ] - [ ERROR ] 数据解析失败，查看传输数据是否正确
2019-12-18 16:03:59 [ location:1562 ] - [ ERROR ] 解析数据异常，此数据不会发送
2019-12-18 16:03:59 [ location:1563 ] - [ ERROR ] 数据解析失败，查看传输数据是否正确
2019-12-18 16:03:59 [ location:1563 ] - [ ERROR ] 解析数据异常，此数据不会发送
2019-12-18 16:03:59 [ location:1563 ] - [ ERROR ] 数据解析失败，查看传输数据是否正确
2019-12-18 16:03:59 [ location:1563 ] - [ ERROR ] 解析数据异常，此数据不会发送
2019-12-18 16:03:59 [ location:1563 ] - [ ERROR ] 数据解析失败，查看传输数据是否正确
2019-12-18 16:03:59 [ location:1563 ] - [ ERROR ] 解析数据异常，此数据不会发送
2019-12-18 16:03:59 [ location:1563 ] - [ ERROR ] 数据解析失败，查看传输数据是否正确
2019-12-18 16:03:59 [ location:1563 ] - [ ERROR ] 解析数据异常，此数据不会发送
2019-12-18 16:03:59 [ location:1564 ] - [ ERROR ] 数据解析失败，查看传输数据是否正确
2019-12-18 16:03:59 [ location:1564 ] - [ ERROR ] 解析数据异常，此数据不会发送
2019-12-18 16:03:59 [ location:1564 ] - [ ERROR ] 数据解析失败，查看传输数据是否正确
2019-12-18 16:03:59 [ location:1564 ] - [ ERROR ] 解析数据异常，此数据不会发送
2019-12-18 16:03:59 [ location:1564 ] - [ ERROR ] 数据解析失败，查看传输数据是否正确
2019-12-18 16:03:59 [ location:1564 ] - [ ERROR ] 解析数据异常，此数据不会发送
2019-12-18 16:03:59 [ location:1564 ] - [ ERROR ] 数据解析失败，查看传输数据是否正确
2019-12-18 16:03:59 [ location:1564 ] - [ ERROR ] 解析数据异常，此数据不会发送
2019-12-18 16:03:59 [ location:1565 ] - [ ERROR ] 数据解析失败，查看传输数据是否正确
2019-12-18 16:03:59 [ location:1565 ] - [ ERROR ] 解析数据异常，此数据不会发送
2019-12-18 16:03:59 [ location:1565 ] - [ ERROR ] 数据解析失败，查看传输数据是否正确
2019-12-18 16:03:59 [ location:1565 ] - [ ERROR ] 解析数据异常，此数据不会发送
2019-12-18 16:03:59 [ location:1565 ] - [ ERROR ] 数据解析失败，查看传输数据是否正确
2019-12-18 16:03:59 [ location:1565 ] - [ ERROR ] 解析数据异常，此数据不会发送
2019-12-18 16:03:59 [ location:1568 ] - [ ERROR ] 数据解析失败，查看传输数据是否正确
2019-12-18 16:03:59 [ location:1573 ] - [ ERROR ] 解析数据异常，此数据不会发送
2019-12-18 16:03:59 [ location:1574 ] - [ ERROR ] 数据解析失败，查看传输数据是否正确
2019-12-18 16:03:59 [ location:1574 ] - [ ERROR ] 解析数据异常，此数据不会发送
2019-12-18 16:03:59 [ location:1575 ] - [ ERROR ] 数据解析失败，查看传输数据是否正确
2019-12-18 16:03:59 [ location:1575 ] - [ ERROR ] 解析数据异常，此数据不会发送
2019-12-18 16:03:59 [ location:1575 ] - [ ERROR ] 数据解析失败，查看传输数据是否正确
2019-12-18 16:03:59 [ location:1575 ] - [ ERROR ] 解析数据异常，此数据不会发送
2019-12-18 16:03:59 [ location:1575 ] - [ ERROR ] 数据解析失败，查看传输数据是否正确
2019-12-18 16:03:59 [ location:1575 ] - [ ERROR ] 解析数据异常，此数据不会发送
2019-12-18 16:03:59 [ location:1576 ] - [ ERROR ] 数据解析失败，查看传输数据是否正确
2019-12-18 16:03:59 [ location:1576 ] - [ ERROR ] 解析数据异常，此数据不会发送
2019-12-18 16:03:59 [ location:1576 ] - [ ERROR ] 数据解析失败，查看传输数据是否正确
2019-12-18 16:03:59 [ location:1576 ] - [ ERROR ] 解析数据异常，此数据不会发送
2019-12-18 16:03:59 [ location:1576 ] - [ ERROR ] 数据解析失败，查看传输数据是否正确
2019-12-18 16:03:59 [ location:1576 ] - [ ERROR ] 解析数据异常，此数据不会发送
2019-12-18 16:03:59 [ location:1576 ] - [ ERROR ] 数据解析失败，查看传输数据是否正确
2019-12-18 16:03:59 [ location:1577 ] - [ ERROR ] 解析数据异常，此数据不会发送
2019-12-18 16:03:59 [ location:1577 ] - [ ERROR ] 数据解析失败，查看传输数据是否正确
2019-12-18 16:03:59 [ location:1577 ] - [ ERROR ] 解析数据异常，此数据不会发送
2019-12-18 16:03:59 [ location:1577 ] - [ ERROR ] 数据解析失败，查看传输数据是否正确
2019-12-18 16:03:59 [ location:1577 ] - [ ERROR ] 解析数据异常，此数据不会发送
2019-12-18 16:10:16 [ location:1258 ] - [ ERROR ] 数据解析失败，查看传输数据是否正确
2019-12-18 16:10:16 [ location:1260 ] - [ ERROR ] 解析数据异常，此数据不会发送
2019-12-18 16:10:16 [ location:1262 ] - [ ERROR ] 数据解析失败，查看传输数据是否正确
2019-12-18 16:10:16 [ location:1262 ] - [ ERROR ] 解析数据异常，此数据不会发送
2019-12-18 16:10:16 [ location:1262 ] - [ ERROR ] 数据解析失败，查看传输数据是否正确
2019-12-18 16:10:16 [ location:1262 ] - [ ERROR ] 解析数据异常，此数据不会发送
2019-12-18 16:10:16 [ location:1263 ] - [ ERROR ] 数据解析失败，查看传输数据是否正确
2019-12-18 16:10:16 [ location:1263 ] - [ ERROR ] 解析数据异常，此数据不会发送
2019-12-18 16:10:16 [ location:1263 ] - [ ERROR ] 数据解析失败，查看传输数据是否正确
2019-12-18 16:10:16 [ location:1263 ] - [ ERROR ] 解析数据异常，此数据不会发送
2019-12-18 16:10:16 [ location:1264 ] - [ ERROR ] 数据解析失败，查看传输数据是否正确
2019-12-18 16:10:16 [ location:1264 ] - [ ERROR ] 解析数据异常，此数据不会发送
2019-12-18 16:10:16 [ location:1264 ] - [ ERROR ] 数据解析失败，查看传输数据是否正确
2019-12-18 16:10:16 [ location:1264 ] - [ ERROR ] 解析数据异常，此数据不会发送
2019-12-18 16:10:16 [ location:1265 ] - [ ERROR ] 数据解析失败，查看传输数据是否正确
2019-12-18 16:10:16 [ location:1267 ] - [ ERROR ] 解析数据异常，此数据不会发送
2019-12-18 16:10:16 [ location:1268 ] - [ ERROR ] 数据解析失败，查看传输数据是否正确
2019-12-18 16:10:16 [ location:1268 ] - [ ERROR ] 解析数据异常，此数据不会发送
2019-12-18 16:10:16 [ location:1269 ] - [ ERROR ] 数据解析失败，查看传输数据是否正确
2019-12-18 16:10:16 [ location:1269 ] - [ ERROR ] 解析数据异常，此数据不会发送
2019-12-18 16:10:16 [ location:1269 ] - [ ERROR ] 数据解析失败，查看传输数据是否正确
2019-12-18 16:10:16 [ location:1270 ] - [ ERROR ] 解析数据异常，此数据不会发送
2019-12-18 16:10:16 [ location:1270 ] - [ ERROR ] 数据解析失败，查看传输数据是否正确
2019-12-18 16:10:16 [ location:1270 ] - [ ERROR ] 解析数据异常，此数据不会发送
2019-12-18 16:10:16 [ location:1271 ] - [ ERROR ] 数据解析失败，查看传输数据是否正确
2019-12-18 16:10:16 [ location:1272 ] - [ ERROR ] 解析数据异常，此数据不会发送
2019-12-18 16:10:17 [ location:1274 ] - [ ERROR ] 数据解析失败，查看传输数据是否正确
2019-12-18 16:10:17 [ location:1274 ] - [ ERROR ] 解析数据异常，此数据不会发送
2019-12-18 16:10:17 [ location:1274 ] - [ ERROR ] 数据解析失败，查看传输数据是否正确
2019-12-18 16:10:17 [ location:1274 ] - [ ERROR ] 解析数据异常，此数据不会发送
2019-12-18 16:10:17 [ location:1276 ] - [ ERROR ] 数据解析失败，查看传输数据是否正确
2019-12-18 16:10:17 [ location:1276 ] - [ ERROR ] 解析数据异常，此数据不会发送
2019-12-18 16:10:17 [ location:1277 ] - [ ERROR ] 数据解析失败，查看传输数据是否正确
2019-12-18 16:10:17 [ location:1277 ] - [ ERROR ] 解析数据异常，此数据不会发送
2019-12-18 16:10:17 [ location:1278 ] - [ ERROR ] 数据解析失败，查看传输数据是否正确
2019-12-18 16:10:17 [ location:1278 ] - [ ERROR ] 解析数据异常，此数据不会发送
2019-12-18 16:10:17 [ location:1278 ] - [ ERROR ] 数据解析失败，查看传输数据是否正确
2019-12-18 16:10:17 [ location:1278 ] - [ ERROR ] 解析数据异常，此数据不会发送
2019-12-18 16:10:17 [ location:1279 ] - [ ERROR ] 数据解析失败，查看传输数据是否正确
2019-12-18 16:10:17 [ location:1279 ] - [ ERROR ] 解析数据异常，此数据不会发送
2019-12-18 16:10:17 [ location:1279 ] - [ ERROR ] 数据解析失败，查看传输数据是否正确
2019-12-18 16:10:17 [ location:1279 ] - [ ERROR ] 解析数据异常，此数据不会发送
2019-12-18 16:10:17 [ location:1280 ] - [ ERROR ] 数据解析失败，查看传输数据是否正确
2019-12-18 16:10:17 [ location:1280 ] - [ ERROR ] 解析数据异常，此数据不会发送
2019-12-18 16:10:17 [ location:1280 ] - [ ERROR ] 数据解析失败，查看传输数据是否正确
2019-12-18 16:10:17 [ location:1280 ] - [ ERROR ] 解析数据异常，此数据不会发送
2019-12-18 16:10:17 [ location:1281 ] - [ ERROR ] 数据解析失败，查看传输数据是否正确
2019-12-18 16:10:17 [ location:1281 ] - [ ERROR ] 解析数据异常，此数据不会发送
2019-12-18 16:10:17 [ location:1281 ] - [ ERROR ] 数据解析失败，查看传输数据是否正确
2019-12-18 16:10:17 [ location:1281 ] - [ ERROR ] 解析数据异常，此数据不会发送
2019-12-18 16:10:17 [ location:1282 ] - [ ERROR ] 数据解析失败，查看传输数据是否正确
2019-12-18 16:10:17 [ location:1282 ] - [ ERROR ] 解析数据异常，此数据不会发送
2019-12-18 16:10:17 [ location:1282 ] - [ ERROR ] 数据解析失败，查看传输数据是否正确
2019-12-18 16:10:17 [ location:1282 ] - [ ERROR ] 解析数据异常，此数据不会发送
2019-12-18 16:10:17 [ location:1282 ] - [ ERROR ] 数据解析失败，查看传输数据是否正确
2019-12-18 16:10:17 [ location:1283 ] - [ ERROR ] 解析数据异常，此数据不会发送
2019-12-18 16:10:17 [ location:1283 ] - [ ERROR ] 数据解析失败，查看传输数据是否正确
2019-12-18 16:10:17 [ location:1283 ] - [ ERROR ] 解析数据异常，此数据不会发送
2019-12-18 16:10:17 [ location:1284 ] - [ ERROR ] 数据解析失败，查看传输数据是否正确
2019-12-18 16:10:17 [ location:1284 ] - [ ERROR ] 解析数据异常，此数据不会发送
2019-12-18 16:10:17 [ location:1284 ] - [ ERROR ] 数据解析失败，查看传输数据是否正确
2019-12-18 16:10:17 [ location:1285 ] - [ ERROR ] 解析数据异常，此数据不会发送
2019-12-18 16:10:17 [ location:1285 ] - [ ERROR ] 数据解析失败，查看传输数据是否正确
2019-12-18 16:10:17 [ location:1285 ] - [ ERROR ] 解析数据异常，此数据不会发送
2019-12-18 16:10:17 [ location:1286 ] - [ ERROR ] 数据解析失败，查看传输数据是否正确
2019-12-18 16:10:17 [ location:1286 ] - [ ERROR ] 解析数据异常，此数据不会发送
2019-12-18 16:10:17 [ location:1286 ] - [ ERROR ] 数据解析失败，查看传输数据是否正确
2019-12-18 16:10:17 [ location:1286 ] - [ ERROR ] 解析数据异常，此数据不会发送
2019-12-18 16:10:17 [ location:1287 ] - [ ERROR ] 数据解析失败，查看传输数据是否正确
2019-12-18 16:10:17 [ location:1287 ] - [ ERROR ] 解析数据异常，此数据不会发送
2019-12-18 16:10:17 [ location:1287 ] - [ ERROR ] 数据解析失败，查看传输数据是否正确
2019-12-18 16:10:17 [ location:1288 ] - [ ERROR ] 解析数据异常，此数据不会发送
2019-12-18 16:10:17 [ location:1296 ] - [ ERROR ] 数据解析失败，查看传输数据是否正确
2019-12-18 16:10:17 [ location:1296 ] - [ ERROR ] 解析数据异常，此数据不会发送
2019-12-18 16:10:17 [ location:1296 ] - [ ERROR ] 数据解析失败，查看传输数据是否正确
2019-12-18 16:10:17 [ location:1296 ] - [ ERROR ] 解析数据异常，此数据不会发送
2019-12-18 16:10:17 [ location:1297 ] - [ ERROR ] 数据解析失败，查看传输数据是否正确
2019-12-18 16:10:17 [ location:1297 ] - [ ERROR ] 解析数据异常，此数据不会发送
2019-12-18 16:10:17 [ location:1297 ] - [ ERROR ] 数据解析失败，查看传输数据是否正确
2019-12-18 16:10:17 [ location:1297 ] - [ ERROR ] 解析数据异常，此数据不会发送
2019-12-18 16:10:17 [ location:1298 ] - [ ERROR ] 数据解析失败，查看传输数据是否正确
2019-12-18 16:10:17 [ location:1298 ] - [ ERROR ] 解析数据异常，此数据不会发送
2019-12-18 16:10:17 [ location:1298 ] - [ ERROR ] 数据解析失败，查看传输数据是否正确
2019-12-18 16:10:17 [ location:1298 ] - [ ERROR ] 解析数据异常，此数据不会发送
2019-12-18 16:10:17 [ location:1298 ] - [ ERROR ] 数据解析失败，查看传输数据是否正确
2019-12-18 16:10:17 [ location:1298 ] - [ ERROR ] 解析数据异常，此数据不会发送
2019-12-18 16:10:17 [ location:1299 ] - [ ERROR ] 数据解析失败，查看传输数据是否正确
2019-12-18 16:10:17 [ location:1299 ] - [ ERROR ] 解析数据异常，此数据不会发送
2019-12-18 16:10:17 [ location:1299 ] - [ ERROR ] 数据解析失败，查看传输数据是否正确
2019-12-18 16:10:17 [ location:1299 ] - [ ERROR ] 解析数据异常，此数据不会发送
2019-12-18 16:10:17 [ location:1300 ] - [ ERROR ] 数据解析失败，查看传输数据是否正确
2019-12-18 16:10:17 [ location:1300 ] - [ ERROR ] 解析数据异常，此数据不会发送
2019-12-18 16:10:17 [ location:1300 ] - [ ERROR ] 数据解析失败，查看传输数据是否正确
2019-12-18 16:10:17 [ location:1300 ] - [ ERROR ] 解析数据异常，此数据不会发送
2019-12-18 16:10:17 [ location:1300 ] - [ ERROR ] 数据解析失败，查看传输数据是否正确
2019-12-18 16:10:17 [ location:1301 ] - [ ERROR ] 解析数据异常，此数据不会发送
2019-12-18 16:10:17 [ location:1306 ] - [ ERROR ] 数据解析失败，查看传输数据是否正确
2019-12-18 16:10:17 [ location:1306 ] - [ ERROR ] 解析数据异常，此数据不会发送
2019-12-18 16:10:17 [ location:1306 ] - [ ERROR ] 数据解析失败，查看传输数据是否正确
2019-12-18 16:10:17 [ location:1307 ] - [ ERROR ] 解析数据异常，此数据不会发送
2019-12-18 16:10:17 [ location:1307 ] - [ ERROR ] 数据解析失败，查看传输数据是否正确
2019-12-18 16:10:17 [ location:1307 ] - [ ERROR ] 解析数据异常，此数据不会发送
2019-12-18 16:10:17 [ location:1308 ] - [ ERROR ] 数据解析失败，查看传输数据是否正确
2019-12-18 16:10:17 [ location:1308 ] - [ ERROR ] 解析数据异常，此数据不会发送
2019-12-18 16:10:17 [ location:1308 ] - [ ERROR ] 数据解析失败，查看传输数据是否正确
2019-12-18 16:10:17 [ location:1308 ] - [ ERROR ] 解析数据异常，此数据不会发送
2019-12-18 16:10:17 [ location:1309 ] - [ ERROR ] 数据解析失败，查看传输数据是否正确
2019-12-18 16:10:17 [ location:1309 ] - [ ERROR ] 解析数据异常，此数据不会发送
2019-12-18 16:10:17 [ location:1310 ] - [ ERROR ] 数据解析失败，查看传输数据是否正确
2019-12-18 16:10:17 [ location:1310 ] - [ ERROR ] 解析数据异常，此数据不会发送
2019-12-18 16:10:17 [ location:1310 ] - [ ERROR ] 数据解析失败，查看传输数据是否正确
2019-12-18 16:10:17 [ location:1310 ] - [ ERROR ] 解析数据异常，此数据不会发送
2019-12-18 16:10:17 [ location:1313 ] - [ ERROR ] 数据解析失败，查看传输数据是否正确
2019-12-18 16:10:17 [ location:1314 ] - [ ERROR ] 解析数据异常，此数据不会发送
2019-12-18 16:10:17 [ location:1315 ] - [ ERROR ] 数据解析失败，查看传输数据是否正确
2019-12-18 16:10:17 [ location:1315 ] - [ ERROR ] 解析数据异常，此数据不会发送
2019-12-18 16:10:17 [ location:1315 ] - [ ERROR ] 数据解析失败，查看传输数据是否正确
2019-12-18 16:10:17 [ location:1315 ] - [ ERROR ] 解析数据异常，此数据不会发送
2019-12-18 16:10:17 [ location:1316 ] - [ ERROR ] 数据解析失败，查看传输数据是否正确
2019-12-18 16:10:17 [ location:1319 ] - [ ERROR ] 解析数据异常，此数据不会发送
2019-12-18 16:10:17 [ location:1321 ] - [ ERROR ] 数据解析失败，查看传输数据是否正确
2019-12-18 16:10:17 [ location:1321 ] - [ ERROR ] 解析数据异常，此数据不会发送
2019-12-18 16:10:17 [ location:1321 ] - [ ERROR ] 数据解析失败，查看传输数据是否正确
2019-12-18 16:10:17 [ location:1321 ] - [ ERROR ] 解析数据异常，此数据不会发送
2019-12-18 16:10:17 [ location:1322 ] - [ ERROR ] 数据解析失败，查看传输数据是否正确
2019-12-18 16:10:17 [ location:1322 ] - [ ERROR ] 解析数据异常，此数据不会发送
2019-12-18 16:10:17 [ location:1322 ] - [ ERROR ] 数据解析失败，查看传输数据是否正确
2019-12-18 16:10:17 [ location:1323 ] - [ ERROR ] 解析数据异常，此数据不会发送
2019-12-18 16:10:17 [ location:1323 ] - [ ERROR ] 数据解析失败，查看传输数据是否正确
2019-12-18 16:10:17 [ location:1323 ] - [ ERROR ] 解析数据异常，此数据不会发送
2019-12-18 16:10:17 [ location:1324 ] - [ ERROR ] 数据解析失败，查看传输数据是否正确
2019-12-18 16:10:17 [ location:1324 ] - [ ERROR ] 解析数据异常，此数据不会发送
2019-12-18 16:10:17 [ location:1325 ] - [ ERROR ] 数据解析失败，查看传输数据是否正确
2019-12-18 16:10:17 [ location:1325 ] - [ ERROR ] 解析数据异常，此数据不会发送
2019-12-18 16:10:17 [ location:1325 ] - [ ERROR ] 数据解析失败，查看传输数据是否正确
2019-12-18 16:10:17 [ location:1325 ] - [ ERROR ] 解析数据异常，此数据不会发送
2019-12-18 16:10:17 [ location:1326 ] - [ ERROR ] 数据解析失败，查看传输数据是否正确
2019-12-18 16:10:17 [ location:1326 ] - [ ERROR ] 解析数据异常，此数据不会发送
2019-12-18 16:10:17 [ location:1326 ] - [ ERROR ] 数据解析失败，查看传输数据是否正确
2019-12-18 16:10:17 [ location:1326 ] - [ ERROR ] 解析数据异常，此数据不会发送
2019-12-18 16:10:17 [ location:1326 ] - [ ERROR ] 数据解析失败，查看传输数据是否正确
2019-12-18 16:10:17 [ location:1326 ] - [ ERROR ] 解析数据异常，此数据不会发送
2019-12-18 16:10:17 [ location:1327 ] - [ ERROR ] 数据解析失败，查看传输数据是否正确
2019-12-18 16:10:17 [ location:1327 ] - [ ERROR ] 解析数据异常，此数据不会发送
2019-12-18 16:10:17 [ location:1327 ] - [ ERROR ] 数据解析失败，查看传输数据是否正确
2019-12-18 16:10:17 [ location:1327 ] - [ ERROR ] 解析数据异常，此数据不会发送
2019-12-18 16:10:17 [ location:1328 ] - [ ERROR ] 数据解析失败，查看传输数据是否正确
2019-12-18 16:10:17 [ location:1328 ] - [ ERROR ] 解析数据异常，此数据不会发送
2019-12-18 16:10:17 [ location:1328 ] - [ ERROR ] 数据解析失败，查看传输数据是否正确
2019-12-18 16:10:17 [ location:1328 ] - [ ERROR ] 解析数据异常，此数据不会发送
2019-12-18 16:10:17 [ location:1328 ] - [ ERROR ] 数据解析失败，查看传输数据是否正确
2019-12-18 16:10:17 [ location:1329 ] - [ ERROR ] 解析数据异常，此数据不会发送
2019-12-18 16:10:17 [ location:1329 ] - [ ERROR ] 数据解析失败，查看传输数据是否正确
2019-12-18 16:10:17 [ location:1329 ] - [ ERROR ] 解析数据异常，此数据不会发送
2019-12-18 16:10:17 [ location:1329 ] - [ ERROR ] 数据解析失败，查看传输数据是否正确
2019-12-18 16:10:17 [ location:1329 ] - [ ERROR ] 解析数据异常，此数据不会发送
2019-12-18 16:10:17 [ location:1330 ] - [ ERROR ] 数据解析失败，查看传输数据是否正确
2019-12-18 16:10:17 [ location:1330 ] - [ ERROR ] 解析数据异常，此数据不会发送
2019-12-18 16:10:17 [ location:1330 ] - [ ERROR ] 数据解析失败，查看传输数据是否正确
2019-12-18 16:10:17 [ location:1330 ] - [ ERROR ] 解析数据异常，此数据不会发送
2019-12-18 16:10:17 [ location:1331 ] - [ ERROR ] 数据解析失败，查看传输数据是否正确
2019-12-18 16:10:17 [ location:1331 ] - [ ERROR ] 解析数据异常，此数据不会发送
2019-12-18 16:10:17 [ location:1331 ] - [ ERROR ] 数据解析失败，查看传输数据是否正确
2019-12-18 16:10:17 [ location:1331 ] - [ ERROR ] 解析数据异常，此数据不会发送
2019-12-18 16:10:17 [ location:1331 ] - [ ERROR ] 数据解析失败，查看传输数据是否正确
2019-12-18 16:10:17 [ location:1331 ] - [ ERROR ] 解析数据异常，此数据不会发送
2019-12-18 16:10:17 [ location:1332 ] - [ ERROR ] 数据解析失败，查看传输数据是否正确
2019-12-18 16:10:17 [ location:1332 ] - [ ERROR ] 解析数据异常，此数据不会发送
2019-12-18 16:10:17 [ location:1332 ] - [ ERROR ] 数据解析失败，查看传输数据是否正确
2019-12-18 16:10:17 [ location:1332 ] - [ ERROR ] 解析数据异常，此数据不会发送
2019-12-18 16:10:17 [ location:1333 ] - [ ERROR ] 数据解析失败，查看传输数据是否正确
2019-12-18 16:10:17 [ location:1333 ] - [ ERROR ] 解析数据异常，此数据不会发送
2019-12-18 16:10:17 [ location:1333 ] - [ ERROR ] 数据解析失败，查看传输数据是否正确
2019-12-18 16:10:17 [ location:1333 ] - [ ERROR ] 解析数据异常，此数据不会发送
2019-12-18 16:10:17 [ location:1333 ] - [ ERROR ] 数据解析失败，查看传输数据是否正确
2019-12-18 16:10:17 [ location:1333 ] - [ ERROR ] 解析数据异常，此数据不会发送
2019-12-18 16:10:17 [ location:1334 ] - [ ERROR ] 数据解析失败，查看传输数据是否正确
2019-12-18 16:10:17 [ location:1334 ] - [ ERROR ] 解析数据异常，此数据不会发送
2019-12-18 16:10:17 [ location:1334 ] - [ ERROR ] 数据解析失败，查看传输数据是否正确
2019-12-18 16:10:17 [ location:1334 ] - [ ERROR ] 解析数据异常，此数据不会发送
2019-12-18 16:10:17 [ location:1335 ] - [ ERROR ] 数据解析失败，查看传输数据是否正确
2019-12-18 16:10:17 [ location:1335 ] - [ ERROR ] 解析数据异常，此数据不会发送
2019-12-18 16:10:17 [ location:1335 ] - [ ERROR ] 数据解析失败，查看传输数据是否正确
2019-12-18 16:10:17 [ location:1335 ] - [ ERROR ] 解析数据异常，此数据不会发送
2019-12-18 16:10:17 [ location:1343 ] - [ ERROR ] 数据解析失败，查看传输数据是否正确
2019-12-18 16:10:17 [ location:1343 ] - [ ERROR ] 解析数据异常，此数据不会发送
2019-12-18 16:10:17 [ location:1345 ] - [ ERROR ] 数据解析失败，查看传输数据是否正确
2019-12-18 16:10:17 [ location:1345 ] - [ ERROR ] 解析数据异常，此数据不会发送
2019-12-18 16:10:17 [ location:1346 ] - [ ERROR ] 数据解析失败，查看传输数据是否正确
2019-12-18 16:10:17 [ location:1356 ] - [ ERROR ] 解析数据异常，此数据不会发送
2019-12-18 16:10:17 [ location:1356 ] - [ ERROR ] 数据解析失败，查看传输数据是否正确
2019-12-18 16:10:17 [ location:1356 ] - [ ERROR ] 解析数据异常，此数据不会发送
2019-12-18 16:10:17 [ location:1357 ] - [ ERROR ] 数据解析失败，查看传输数据是否正确
2019-12-18 16:10:17 [ location:1357 ] - [ ERROR ] 解析数据异常，此数据不会发送
2019-12-18 16:10:17 [ location:1357 ] - [ ERROR ] 数据解析失败，查看传输数据是否正确
2019-12-18 16:10:17 [ location:1358 ] - [ ERROR ] 解析数据异常，此数据不会发送
2019-12-18 16:10:17 [ location:1358 ] - [ ERROR ] 数据解析失败，查看传输数据是否正确
2019-12-18 16:10:17 [ location:1358 ] - [ ERROR ] 解析数据异常，此数据不会发送
2019-12-18 16:10:17 [ location:1359 ] - [ ERROR ] 数据解析失败，查看传输数据是否正确
2019-12-18 16:10:17 [ location:1359 ] - [ ERROR ] 解析数据异常，此数据不会发送
2019-12-18 16:10:17 [ location:1361 ] - [ ERROR ] 数据解析失败，查看传输数据是否正确
2019-12-18 16:10:17 [ location:1362 ] - [ ERROR ] 解析数据异常，此数据不会发送
2019-12-18 16:10:17 [ location:1363 ] - [ ERROR ] 数据解析失败，查看传输数据是否正确
2019-12-18 16:10:17 [ location:1363 ] - [ ERROR ] 解析数据异常，此数据不会发送
2019-12-18 16:10:17 [ location:1363 ] - [ ERROR ] 数据解析失败，查看传输数据是否正确
2019-12-18 16:10:17 [ location:1363 ] - [ ERROR ] 解析数据异常，此数据不会发送
2019-12-18 16:10:17 [ location:1363 ] - [ ERROR ] 数据解析失败，查看传输数据是否正确
2019-12-18 16:10:17 [ location:1364 ] - [ ERROR ] 解析数据异常，此数据不会发送
2019-12-18 16:10:17 [ location:1365 ] - [ ERROR ] 数据解析失败，查看传输数据是否正确
2019-12-18 16:10:17 [ location:1365 ] - [ ERROR ] 解析数据异常，此数据不会发送
2019-12-18 16:10:17 [ location:1371 ] - [ ERROR ] 数据解析失败，查看传输数据是否正确
2019-12-18 16:10:17 [ location:1371 ] - [ ERROR ] 解析数据异常，此数据不会发送
2019-12-18 16:10:17 [ location:1371 ] - [ ERROR ] 数据解析失败，查看传输数据是否正确
2019-12-18 16:10:17 [ location:1371 ] - [ ERROR ] 解析数据异常，此数据不会发送
2019-12-18 16:10:17 [ location:1372 ] - [ ERROR ] 数据解析失败，查看传输数据是否正确
2019-12-18 16:10:17 [ location:1372 ] - [ ERROR ] 解析数据异常，此数据不会发送
2019-12-18 16:10:17 [ location:1372 ] - [ ERROR ] 数据解析失败，查看传输数据是否正确
2019-12-18 16:10:17 [ location:1372 ] - [ ERROR ] 解析数据异常，此数据不会发送
2019-12-18 16:10:17 [ location:1372 ] - [ ERROR ] 数据解析失败，查看传输数据是否正确
2019-12-18 16:10:17 [ location:1372 ] - [ ERROR ] 解析数据异常，此数据不会发送
2019-12-18 16:10:17 [ location:1373 ] - [ ERROR ] 数据解析失败，查看传输数据是否正确
2019-12-18 16:10:17 [ location:1373 ] - [ ERROR ] 解析数据异常，此数据不会发送
2019-12-18 16:10:17 [ location:1373 ] - [ ERROR ] 数据解析失败，查看传输数据是否正确
2019-12-18 16:10:17 [ location:1373 ] - [ ERROR ] 解析数据异常，此数据不会发送
2019-12-18 16:10:17 [ location:1374 ] - [ ERROR ] 数据解析失败，查看传输数据是否正确
2019-12-18 16:10:17 [ location:1374 ] - [ ERROR ] 解析数据异常，此数据不会发送
2019-12-18 16:10:17 [ location:1374 ] - [ ERROR ] 数据解析失败，查看传输数据是否正确
2019-12-18 16:10:17 [ location:1374 ] - [ ERROR ] 解析数据异常，此数据不会发送
2019-12-18 16:10:17 [ location:1375 ] - [ ERROR ] 数据解析失败，查看传输数据是否正确
2019-12-18 16:10:17 [ location:1375 ] - [ ERROR ] 解析数据异常，此数据不会发送
2019-12-18 16:10:17 [ location:1375 ] - [ ERROR ] 数据解析失败，查看传输数据是否正确
2019-12-18 16:10:17 [ location:1419 ] - [ ERROR ] 解析数据异常，此数据不会发送
2019-12-18 16:10:17 [ location:1423 ] - [ ERROR ] 数据解析失败，查看传输数据是否正确
2019-12-18 16:10:17 [ location:1423 ] - [ ERROR ] 解析数据异常，此数据不会发送
2019-12-18 16:10:17 [ location:1431 ] - [ ERROR ] 数据解析失败，查看传输数据是否正确
2019-12-18 16:10:17 [ location:1431 ] - [ ERROR ] 解析数据异常，此数据不会发送
2019-12-18 16:10:17 [ location:1431 ] - [ ERROR ] 数据解析失败，查看传输数据是否正确
2019-12-18 16:10:17 [ location:1431 ] - [ ERROR ] 解析数据异常，此数据不会发送
2019-12-18 16:10:17 [ location:1433 ] - [ ERROR ] 数据解析失败，查看传输数据是否正确
2019-12-18 16:10:17 [ location:1433 ] - [ ERROR ] 解析数据异常，此数据不会发送
2019-12-18 16:10:17 [ location:1433 ] - [ ERROR ] 数据解析失败，查看传输数据是否正确
2019-12-18 16:10:17 [ location:1433 ] - [ ERROR ] 解析数据异常，此数据不会发送
2019-12-18 16:10:17 [ location:1433 ] - [ ERROR ] 数据解析失败，查看传输数据是否正确
2019-12-18 16:10:17 [ location:1433 ] - [ ERROR ] 解析数据异常，此数据不会发送
2019-12-18 16:10:17 [ location:1438 ] - [ ERROR ] 数据解析失败，查看传输数据是否正确
2019-12-18 16:10:17 [ location:1438 ] - [ ERROR ] 解析数据异常，此数据不会发送
2019-12-18 16:10:17 [ location:1439 ] - [ ERROR ] 数据解析失败，查看传输数据是否正确
2019-12-18 16:10:17 [ location:1439 ] - [ ERROR ] 解析数据异常，此数据不会发送
2019-12-18 16:10:17 [ location:1441 ] - [ ERROR ] 数据解析失败，查看传输数据是否正确
2019-12-18 16:10:17 [ location:1441 ] - [ ERROR ] 解析数据异常，此数据不会发送
2019-12-18 16:10:17 [ location:1442 ] - [ ERROR ] 数据解析失败，查看传输数据是否正确
2019-12-18 16:10:17 [ location:1442 ] - [ ERROR ] 解析数据异常，此数据不会发送
2019-12-18 16:10:17 [ location:1443 ] - [ ERROR ] 数据解析失败，查看传输数据是否正确
2019-12-18 16:10:17 [ location:1443 ] - [ ERROR ] 解析数据异常，此数据不会发送
2019-12-18 16:10:17 [ location:1443 ] - [ ERROR ] 数据解析失败，查看传输数据是否正确
2019-12-18 16:10:17 [ location:1443 ] - [ ERROR ] 解析数据异常，此数据不会发送
2019-12-18 16:10:17 [ location:1444 ] - [ ERROR ] 数据解析失败，查看传输数据是否正确
2019-12-18 16:10:17 [ location:1444 ] - [ ERROR ] 解析数据异常，此数据不会发送
2019-12-18 16:10:17 [ location:1444 ] - [ ERROR ] 数据解析失败，查看传输数据是否正确
2019-12-18 16:10:17 [ location:1444 ] - [ ERROR ] 解析数据异常，此数据不会发送
2019-12-18 16:10:17 [ location:1455 ] - [ ERROR ] 数据解析失败，查看传输数据是否正确
2019-12-18 16:10:17 [ location:1455 ] - [ ERROR ] 解析数据异常，此数据不会发送
2019-12-18 16:10:17 [ location:1455 ] - [ ERROR ] 数据解析失败，查看传输数据是否正确
2019-12-18 16:10:17 [ location:1457 ] - [ ERROR ] 解析数据异常，此数据不会发送
2019-12-18 16:10:17 [ location:1457 ] - [ ERROR ] 数据解析失败，查看传输数据是否正确
2019-12-18 16:10:17 [ location:1457 ] - [ ERROR ] 解析数据异常，此数据不会发送
2019-12-18 16:10:17 [ location:1458 ] - [ ERROR ] 数据解析失败，查看传输数据是否正确
2019-12-18 16:10:17 [ location:1458 ] - [ ERROR ] 解析数据异常，此数据不会发送
2019-12-18 16:10:17 [ location:1458 ] - [ ERROR ] 数据解析失败，查看传输数据是否正确
2019-12-18 16:10:17 [ location:1458 ] - [ ERROR ] 解析数据异常，此数据不会发送
2019-12-18 16:10:17 [ location:1459 ] - [ ERROR ] 数据解析失败，查看传输数据是否正确
2019-12-18 16:10:17 [ location:1459 ] - [ ERROR ] 解析数据异常，此数据不会发送
2019-12-18 16:10:17 [ location:1459 ] - [ ERROR ] 数据解析失败，查看传输数据是否正确
2019-12-18 16:10:17 [ location:1459 ] - [ ERROR ] 解析数据异常，此数据不会发送
2019-12-18 16:10:17 [ location:1459 ] - [ ERROR ] 数据解析失败，查看传输数据是否正确
2019-12-18 16:10:17 [ location:1462 ] - [ ERROR ] 解析数据异常，此数据不会发送
2019-12-18 16:10:17 [ location:1465 ] - [ ERROR ] 数据解析失败，查看传输数据是否正确
2019-12-18 16:10:17 [ location:1465 ] - [ ERROR ] 解析数据异常，此数据不会发送
2019-12-18 16:10:17 [ location:1465 ] - [ ERROR ] 数据解析失败，查看传输数据是否正确
2019-12-18 16:10:17 [ location:1465 ] - [ ERROR ] 解析数据异常，此数据不会发送
2019-12-18 16:10:17 [ location:1465 ] - [ ERROR ] 数据解析失败，查看传输数据是否正确
2019-12-18 16:10:17 [ location:1465 ] - [ ERROR ] 解析数据异常，此数据不会发送
2019-12-18 16:10:17 [ location:1466 ] - [ ERROR ] 数据解析失败，查看传输数据是否正确
2019-12-18 16:10:17 [ location:1466 ] - [ ERROR ] 解析数据异常，此数据不会发送
2019-12-18 16:10:17 [ location:1466 ] - [ ERROR ] 数据解析失败，查看传输数据是否正确
2019-12-18 16:10:17 [ location:1466 ] - [ ERROR ] 解析数据异常，此数据不会发送
2019-12-18 16:10:17 [ location:1466 ] - [ ERROR ] 数据解析失败，查看传输数据是否正确
2019-12-18 16:10:17 [ location:1466 ] - [ ERROR ] 解析数据异常，此数据不会发送
2019-12-18 16:10:17 [ location:1467 ] - [ ERROR ] 数据解析失败，查看传输数据是否正确
2019-12-18 16:10:17 [ location:1467 ] - [ ERROR ] 解析数据异常，此数据不会发送
2019-12-18 16:10:17 [ location:1467 ] - [ ERROR ] 数据解析失败，查看传输数据是否正确
2019-12-18 16:10:17 [ location:1467 ] - [ ERROR ] 解析数据异常，此数据不会发送
2019-12-18 16:10:17 [ location:1467 ] - [ ERROR ] 数据解析失败，查看传输数据是否正确
2019-12-18 16:10:17 [ location:1467 ] - [ ERROR ] 解析数据异常，此数据不会发送
2019-12-18 16:10:17 [ location:1467 ] - [ ERROR ] 数据解析失败，查看传输数据是否正确
2019-12-18 16:10:17 [ location:1467 ] - [ ERROR ] 解析数据异常，此数据不会发送
2019-12-18 16:10:17 [ location:1468 ] - [ ERROR ] 数据解析失败，查看传输数据是否正确
2019-12-18 16:10:17 [ location:1468 ] - [ ERROR ] 解析数据异常，此数据不会发送
2019-12-18 16:10:17 [ location:1468 ] - [ ERROR ] 数据解析失败，查看传输数据是否正确
2019-12-18 16:10:17 [ location:1468 ] - [ ERROR ] 解析数据异常，此数据不会发送
