2019-12-18 14:14:11 [ main:1257 ] - [ INFO ] 车辆信息：null
2019-12-18 14:14:11 [ main:1260 ] - [ INFO ] 车辆信息：null
2019-12-18 14:14:11 [ main:1261 ] - [ INFO ] 车辆信息：null
2019-12-18 14:14:11 [ main:1262 ] - [ INFO ] 车辆信息：null
2019-12-18 14:14:11 [ main:1264 ] - [ INFO ] 车辆信息：null
2019-12-18 14:14:11 [ main:1266 ] - [ INFO ] 车辆信息：null
2019-12-18 14:14:11 [ main:1266 ] - [ INFO ] 车辆信息：null
2019-12-18 14:14:11 [ main:1267 ] - [ INFO ] 车辆信息：null
2019-12-18 14:14:11 [ main:1268 ] - [ INFO ] 车辆信息：null
2019-12-18 14:14:11 [ main:1268 ] - [ INFO ] 车辆信息：null
2019-12-18 14:14:11 [ main:1269 ] - [ INFO ] 车辆信息：null
2019-12-18 14:14:11 [ main:1270 ] - [ INFO ] 车辆信息：null
2019-12-18 14:14:11 [ main:1271 ] - [ INFO ] 车辆信息：null
2019-12-18 14:14:11 [ main:1272 ] - [ INFO ] 车辆信息：null
2019-12-18 14:14:11 [ main:1273 ] - [ INFO ] 车辆信息：null
2019-12-18 14:14:11 [ main:1274 ] - [ INFO ] 车辆信息：null
2019-12-18 14:14:11 [ main:1279 ] - [ INFO ] 车辆信息：null
2019-12-18 14:14:11 [ main:1281 ] - [ INFO ] 车辆信息：null
2019-12-18 14:14:11 [ main:1283 ] - [ INFO ] 车辆信息：null
2019-12-18 14:14:11 [ main:1284 ] - [ INFO ] 车辆信息：null
2019-12-18 14:14:11 [ main:1285 ] - [ INFO ] 车辆信息：null
2019-12-18 14:14:11 [ main:1286 ] - [ INFO ] 车辆信息：null
2019-12-18 14:14:11 [ main:1293 ] - [ INFO ] 车辆信息：null
2019-12-18 14:14:11 [ main:1294 ] - [ INFO ] 车辆信息：null
2019-12-18 14:14:11 [ main:1295 ] - [ INFO ] 车辆信息：null
2019-12-18 14:14:11 [ main:1297 ] - [ INFO ] 车辆信息：null
2019-12-18 14:14:11 [ main:1297 ] - [ INFO ] 车辆信息：null
2019-12-18 14:14:11 [ main:1298 ] - [ INFO ] 车辆信息：null
2019-12-18 14:14:11 [ main:1299 ] - [ INFO ] 车辆信息：null
2019-12-18 14:14:11 [ main:1299 ] - [ INFO ] 车辆信息：null
2019-12-18 14:14:11 [ main:1300 ] - [ INFO ] 车辆信息：null
2019-12-18 14:14:11 [ main:1300 ] - [ INFO ] 车辆信息：null
2019-12-18 14:14:11 [ main:1301 ] - [ INFO ] 车辆信息：null
2019-12-18 14:14:11 [ main:1301 ] - [ INFO ] 车辆信息：null
2019-12-18 14:14:11 [ main:1302 ] - [ INFO ] 车辆信息：null
2019-12-18 14:14:11 [ main:1332 ] - [ INFO ] 车辆信息：null
2019-12-18 14:14:11 [ main:1333 ] - [ INFO ] 车辆信息：null
2019-12-18 14:14:11 [ main:1333 ] - [ INFO ] 车辆信息：null
2019-12-18 14:14:11 [ main:1334 ] - [ INFO ] 车辆信息：null
2019-12-18 14:14:11 [ main:1334 ] - [ INFO ] 车辆信息：null
2019-12-18 14:14:11 [ main:1334 ] - [ INFO ] 车辆信息：null
2019-12-18 14:14:11 [ main:1335 ] - [ INFO ] 车辆信息：null
2019-12-18 14:14:11 [ main:1340 ] - [ INFO ] 车辆信息：null
2019-12-18 14:14:11 [ main:1341 ] - [ INFO ] 车辆信息：null
2019-12-18 14:14:11 [ main:1341 ] - [ INFO ] 车辆信息：null
2019-12-18 14:14:11 [ main:1342 ] - [ INFO ] 车辆信息：null
2019-12-18 14:14:11 [ main:1342 ] - [ INFO ] 车辆信息：null
2019-12-18 14:14:11 [ main:1343 ] - [ INFO ] 车辆信息：null
2019-12-18 14:14:11 [ main:1346 ] - [ INFO ] 车辆信息：null
2019-12-18 14:14:11 [ main:1347 ] - [ INFO ] 车辆信息：null
2019-12-18 14:14:11 [ main:1348 ] - [ INFO ] 车辆信息：null
2019-12-18 14:14:11 [ main:1348 ] - [ INFO ] 车辆信息：null
2019-12-18 14:14:11 [ main:1349 ] - [ INFO ] 车辆信息：null
2019-12-18 14:14:11 [ main:1349 ] - [ INFO ] 车辆信息：null
2019-12-18 14:14:11 [ main:1350 ] - [ INFO ] 车辆信息：null
2019-12-18 14:14:11 [ main:1350 ] - [ INFO ] 车辆信息：null
2019-12-18 14:14:11 [ main:1350 ] - [ INFO ] 车辆信息：null
2019-12-18 14:14:11 [ main:1351 ] - [ INFO ] 车辆信息：null
2019-12-18 14:14:11 [ main:1377 ] - [ INFO ] 车辆信息：null
2019-12-18 14:14:11 [ main:1430 ] - [ INFO ] 车辆信息：null
2019-12-18 14:14:11 [ main:1430 ] - [ INFO ] 车辆信息：null
2019-12-18 14:14:11 [ main:1432 ] - [ INFO ] 车辆信息：null
2019-12-18 14:14:11 [ main:1432 ] - [ INFO ] 车辆信息：null
2019-12-18 14:14:11 [ main:1433 ] - [ INFO ] 车辆信息：null
2019-12-18 14:14:11 [ main:1433 ] - [ INFO ] 车辆信息：null
2019-12-18 14:14:11 [ main:1433 ] - [ INFO ] 车辆信息：null
2019-12-18 14:14:11 [ main:1434 ] - [ INFO ] 车辆信息：null
2019-12-18 14:14:11 [ main:1434 ] - [ INFO ] 车辆信息：null
2019-12-18 14:14:11 [ main:1434 ] - [ INFO ] 车辆信息：null
2019-12-18 14:14:11 [ main:1435 ] - [ INFO ] 车辆信息：null
2019-12-18 14:14:11 [ main:1435 ] - [ INFO ] 车辆信息：null
2019-12-18 14:14:11 [ main:1436 ] - [ INFO ] 车辆信息：null
2019-12-18 14:14:11 [ main:1437 ] - [ INFO ] 车辆信息：null
2019-12-18 14:14:11 [ main:1437 ] - [ INFO ] 车辆信息：null
2019-12-18 14:14:11 [ main:1437 ] - [ INFO ] 车辆信息：null
2019-12-18 14:14:11 [ main:1438 ] - [ INFO ] 车辆信息：null
2019-12-18 14:14:11 [ main:1438 ] - [ INFO ] 车辆信息：null
2019-12-18 14:14:11 [ main:1438 ] - [ INFO ] 车辆信息：null
2019-12-18 14:14:11 [ main:1439 ] - [ INFO ] 车辆信息：null
2019-12-18 14:14:11 [ main:1443 ] - [ INFO ] 车辆信息：null
2019-12-18 14:14:11 [ main:1443 ] - [ INFO ] 车辆信息：null
2019-12-18 14:14:11 [ main:1444 ] - [ INFO ] 车辆信息：null
2019-12-18 14:14:11 [ main:1444 ] - [ INFO ] 车辆信息：null
2019-12-18 14:14:11 [ main:1444 ] - [ INFO ] 车辆信息：null
2019-12-18 14:14:11 [ main:1444 ] - [ INFO ] 车辆信息：null
2019-12-18 14:14:11 [ main:1446 ] - [ INFO ] 车辆信息：null
2019-12-18 14:14:11 [ main:1446 ] - [ INFO ] 车辆信息：null
2019-12-18 14:14:11 [ main:1460 ] - [ INFO ] 车辆信息：null
2019-12-18 14:14:11 [ main:1460 ] - [ INFO ] 车辆信息：null
2019-12-18 14:14:11 [ main:1461 ] - [ INFO ] 车辆信息：null
2019-12-18 14:14:11 [ main:1461 ] - [ INFO ] 车辆信息：null
2019-12-18 14:14:11 [ main:1481 ] - [ INFO ] 车辆信息：null
2019-12-18 14:14:11 [ main:1482 ] - [ INFO ] 车辆信息：null
2019-12-18 14:14:11 [ main:1483 ] - [ INFO ] 车辆信息：null
2019-12-18 14:14:11 [ main:1483 ] - [ INFO ] 车辆信息：null
2019-12-18 14:14:11 [ main:1483 ] - [ INFO ] 车辆信息：null
2019-12-18 14:14:11 [ main:1484 ] - [ INFO ] 车辆信息：null
2019-12-18 14:14:11 [ main:1484 ] - [ INFO ] 车辆信息：null
2019-12-18 14:14:11 [ main:1484 ] - [ INFO ] 车辆信息：null
2019-12-18 14:14:11 [ main:1484 ] - [ INFO ] 车辆信息：null
2019-12-18 14:14:12 [ main:1974 ] - [ INFO ] 车辆信息：alarm {
  alsrmDispose: "0"
  alarmMetadata: 32
}
details {
  obd_id: "013170389925"
  uptime: "2019-12-18 14:14:11"
  allMileage: "1.9"
  oilHeight: ""
  GPSTime: "2018-05-27 23:53:51"
  longitude: "120.299631"
  latitude: "31.549855"
  location: "0"
  direction: "178"
  elevation: "41"
  speed: "0.0"
  acc: "1"
}
describe {
  statusMetadata: 786445
}
sensor {
}

2019-12-18 14:14:12 [ main:1975 ] - [ INFO ] 车辆信息：null
2019-12-18 14:14:12 [ main:1975 ] - [ INFO ] 车辆信息：null
2019-12-18 14:14:12 [ main:1976 ] - [ INFO ] 车辆信息：null
2019-12-18 14:14:12 [ main:1976 ] - [ INFO ] 车辆信息：null
2019-12-18 14:14:12 [ main:1977 ] - [ INFO ] 车辆信息：null
2019-12-18 14:14:12 [ main:1980 ] - [ INFO ] 车辆信息：null
2019-12-18 14:14:12 [ main:1982 ] - [ INFO ] 车辆信息：null
2019-12-18 14:14:12 [ main:1982 ] - [ INFO ] 车辆信息：null
2019-12-18 14:14:12 [ main:1983 ] - [ INFO ] 车辆信息：null
2019-12-18 14:14:12 [ main:1983 ] - [ INFO ] 车辆信息：null
2019-12-18 14:14:12 [ main:1984 ] - [ INFO ] 车辆信息：null
2019-12-18 14:14:12 [ main:1984 ] - [ INFO ] 车辆信息：null
2019-12-18 14:14:12 [ main:1985 ] - [ INFO ] 车辆信息：null
2019-12-18 14:14:12 [ main:1985 ] - [ INFO ] 车辆信息：null
2019-12-18 14:14:12 [ main:1985 ] - [ INFO ] 车辆信息：null
2019-12-18 14:14:12 [ main:1986 ] - [ INFO ] 车辆信息：null
2019-12-18 14:14:12 [ main:1986 ] - [ INFO ] 车辆信息：null
2019-12-18 14:14:12 [ main:1986 ] - [ INFO ] 车辆信息：null
2019-12-18 14:14:12 [ main:1987 ] - [ INFO ] 车辆信息：null
2019-12-18 14:14:12 [ main:1987 ] - [ INFO ] 车辆信息：null
2019-12-18 14:14:12 [ main:1987 ] - [ INFO ] 车辆信息：null
2019-12-18 14:14:12 [ main:1988 ] - [ INFO ] 车辆信息：null
2019-12-18 14:14:12 [ main:1988 ] - [ INFO ] 车辆信息：null
2019-12-18 14:14:12 [ main:1988 ] - [ INFO ] 车辆信息：null
2019-12-18 14:14:12 [ main:1989 ] - [ INFO ] 车辆信息：null
2019-12-18 14:14:12 [ main:1989 ] - [ INFO ] 车辆信息：null
2019-12-18 14:14:12 [ main:1990 ] - [ INFO ] 车辆信息：null
2019-12-18 14:14:12 [ main:1990 ] - [ INFO ] 车辆信息：null
2019-12-18 14:14:12 [ main:1990 ] - [ INFO ] 车辆信息：null
2019-12-18 14:14:12 [ main:1991 ] - [ INFO ] 车辆信息：null
2019-12-18 14:14:12 [ main:1991 ] - [ INFO ] 车辆信息：null
2019-12-18 14:14:12 [ main:1991 ] - [ INFO ] 车辆信息：null
2019-12-18 14:14:12 [ main:1992 ] - [ INFO ] 车辆信息：null
2019-12-18 14:14:12 [ main:1992 ] - [ INFO ] 车辆信息：null
2019-12-18 14:14:12 [ main:1992 ] - [ INFO ] 车辆信息：null
2019-12-18 14:14:12 [ main:1994 ] - [ INFO ] 车辆信息：null
2019-12-18 14:14:12 [ main:1994 ] - [ INFO ] 车辆信息：null
2019-12-18 14:14:12 [ main:1995 ] - [ INFO ] 车辆信息：null
2019-12-18 14:14:12 [ main:1995 ] - [ INFO ] 车辆信息：null
2019-12-18 14:14:12 [ main:1996 ] - [ INFO ] 车辆信息：null
2019-12-18 14:14:12 [ main:1996 ] - [ INFO ] 车辆信息：null
2019-12-18 14:14:12 [ main:1996 ] - [ INFO ] 车辆信息：null
2019-12-18 14:14:12 [ main:1997 ] - [ INFO ] 车辆信息：null
2019-12-18 14:14:12 [ main:1997 ] - [ INFO ] 车辆信息：null
2019-12-18 14:14:12 [ main:1997 ] - [ INFO ] 车辆信息：null
2019-12-18 14:14:12 [ main:1997 ] - [ INFO ] 车辆信息：null
2019-12-18 14:14:12 [ main:1998 ] - [ INFO ] 车辆信息：null
2019-12-18 14:14:12 [ main:1998 ] - [ INFO ] 车辆信息：null
2019-12-18 14:14:12 [ main:1998 ] - [ INFO ] 车辆信息：null
2019-12-18 14:14:12 [ main:1999 ] - [ INFO ] 车辆信息：null
2019-12-18 14:14:12 [ main:1999 ] - [ INFO ] 车辆信息：null
2019-12-18 14:14:12 [ main:1999 ] - [ INFO ] 车辆信息：null
2019-12-18 14:14:12 [ main:2000 ] - [ INFO ] 车辆信息：null
2019-12-18 14:14:12 [ main:2000 ] - [ INFO ] 车辆信息：null
2019-12-18 14:14:12 [ main:2000 ] - [ INFO ] 车辆信息：null
2019-12-18 14:14:12 [ main:2001 ] - [ INFO ] 车辆信息：null
2019-12-18 14:14:12 [ main:2001 ] - [ INFO ] 车辆信息：null
2019-12-18 14:14:12 [ main:2001 ] - [ INFO ] 车辆信息：null
2019-12-18 14:14:12 [ main:2001 ] - [ INFO ] 车辆信息：null
2019-12-18 14:14:12 [ main:2003 ] - [ INFO ] 车辆信息：null
2019-12-18 14:14:12 [ main:2004 ] - [ INFO ] 车辆信息：null
2019-12-18 14:14:12 [ main:2005 ] - [ INFO ] 车辆信息：null
2019-12-18 14:14:12 [ main:2006 ] - [ INFO ] 车辆信息：null
2019-12-18 14:14:12 [ main:2006 ] - [ INFO ] 车辆信息：null
2019-12-18 14:14:12 [ main:2007 ] - [ INFO ] 车辆信息：null
2019-12-18 14:14:12 [ main:2007 ] - [ INFO ] 车辆信息：null
2019-12-18 14:14:12 [ main:2008 ] - [ INFO ] 车辆信息：null
2019-12-18 14:14:12 [ main:2011 ] - [ INFO ] 车辆信息：null
2019-12-18 14:14:12 [ main:2013 ] - [ INFO ] 车辆信息：null
2019-12-18 14:14:12 [ main:2014 ] - [ INFO ] 车辆信息：null
2019-12-18 14:14:12 [ main:2014 ] - [ INFO ] 车辆信息：null
2019-12-18 14:14:12 [ main:2019 ] - [ INFO ] 车辆信息：null
2019-12-18 14:14:12 [ main:2020 ] - [ INFO ] 车辆信息：null
2019-12-18 14:14:12 [ main:2021 ] - [ INFO ] 车辆信息：null
2019-12-18 14:14:12 [ main:2021 ] - [ INFO ] 车辆信息：null
2019-12-18 14:14:12 [ main:2022 ] - [ INFO ] 车辆信息：null
2019-12-18 14:14:12 [ main:2022 ] - [ INFO ] 车辆信息：null
2019-12-18 14:14:12 [ main:2022 ] - [ INFO ] 车辆信息：null
2019-12-18 14:14:12 [ main:2023 ] - [ INFO ] 车辆信息：null
2019-12-18 14:14:12 [ main:2023 ] - [ INFO ] 车辆信息：null
2019-12-18 14:14:12 [ main:2023 ] - [ INFO ] 车辆信息：null
2019-12-18 14:14:12 [ main:2024 ] - [ INFO ] 车辆信息：null
2019-12-18 14:14:12 [ main:2024 ] - [ INFO ] 车辆信息：null
2019-12-18 14:14:12 [ main:2024 ] - [ INFO ] 车辆信息：null
2019-12-18 14:14:12 [ main:2025 ] - [ INFO ] 车辆信息：null
2019-12-18 14:14:12 [ main:2025 ] - [ INFO ] 车辆信息：null
2019-12-18 14:14:12 [ main:2025 ] - [ INFO ] 车辆信息：null
2019-12-18 14:14:12 [ main:2025 ] - [ INFO ] 车辆信息：null
2019-12-18 14:14:12 [ main:2026 ] - [ INFO ] 车辆信息：null
2019-12-18 14:14:12 [ main:2026 ] - [ INFO ] 车辆信息：null
2019-12-18 14:14:12 [ main:2026 ] - [ INFO ] 车辆信息：null
2019-12-18 14:14:12 [ main:2107 ] - [ INFO ] 车辆信息：null
2019-12-18 14:14:12 [ main:2107 ] - [ INFO ] 车辆信息：null
2019-12-18 14:14:12 [ main:2108 ] - [ INFO ] 车辆信息：null
2019-12-18 14:14:12 [ main:2108 ] - [ INFO ] 车辆信息：null
2019-12-18 14:14:12 [ main:2108 ] - [ INFO ] 车辆信息：null
2019-12-18 14:14:12 [ main:2122 ] - [ INFO ] 车辆信息：null
2019-12-18 14:14:12 [ main:2123 ] - [ INFO ] 车辆信息：null
2019-12-18 14:14:12 [ main:2123 ] - [ INFO ] 车辆信息：null
2019-12-18 14:14:12 [ main:2123 ] - [ INFO ] 车辆信息：null
2019-12-18 14:33:43 [ Thread-0:1099 ] - [ INFO ] 车辆信息：null
2019-12-18 16:00:21 [ location:1160 ] - [ INFO ] 车辆信息：null
2019-12-18 16:00:21 [ location:1164 ] - [ INFO ] 车辆信息：null
2019-12-18 16:00:21 [ location:1165 ] - [ INFO ] 车辆信息：null
2019-12-18 16:00:21 [ location:1165 ] - [ INFO ] 车辆信息：null
2019-12-18 16:00:21 [ location:1166 ] - [ INFO ] 车辆信息：null
2019-12-18 16:00:21 [ location:1166 ] - [ INFO ] 车辆信息：null
2019-12-18 16:00:21 [ location:1167 ] - [ INFO ] 车辆信息：null
2019-12-18 16:00:21 [ location:1168 ] - [ INFO ] 车辆信息：null
2019-12-18 16:00:21 [ location:1169 ] - [ INFO ] 车辆信息：null
2019-12-18 16:00:21 [ location:1172 ] - [ INFO ] 车辆信息：null
2019-12-18 16:00:21 [ location:1174 ] - [ INFO ] 车辆信息：null
2019-12-18 16:00:21 [ location:1174 ] - [ INFO ] 车辆信息：null
2019-12-18 16:00:21 [ location:1175 ] - [ INFO ] 车辆信息：null
2019-12-18 16:00:21 [ location:1176 ] - [ INFO ] 车辆信息：null
2019-12-18 16:00:21 [ location:1176 ] - [ INFO ] 车辆信息：null
2019-12-18 16:00:21 [ location:1177 ] - [ INFO ] 车辆信息：null
2019-12-18 16:00:21 [ location:1179 ] - [ INFO ] 车辆信息：null
2019-12-18 16:00:21 [ location:1180 ] - [ INFO ] 车辆信息：null
2019-12-18 16:00:21 [ location:1181 ] - [ INFO ] 车辆信息：null
2019-12-18 16:00:21 [ location:1188 ] - [ INFO ] 车辆信息：null
2019-12-18 16:00:21 [ location:1189 ] - [ INFO ] 车辆信息：null
2019-12-18 16:00:21 [ location:1189 ] - [ INFO ] 车辆信息：null
2019-12-18 16:00:21 [ location:1190 ] - [ INFO ] 车辆信息：null
2019-12-18 16:00:21 [ location:1191 ] - [ INFO ] 车辆信息：null
2019-12-18 16:00:21 [ location:1191 ] - [ INFO ] 车辆信息：null
2019-12-18 16:00:21 [ location:1192 ] - [ INFO ] 车辆信息：null
2019-12-18 16:00:21 [ location:1195 ] - [ INFO ] 车辆信息：null
2019-12-18 16:00:21 [ location:1196 ] - [ INFO ] 车辆信息：null
2019-12-18 16:00:21 [ location:1196 ] - [ INFO ] 车辆信息：null
2019-12-18 16:00:21 [ location:1197 ] - [ INFO ] 车辆信息：null
2019-12-18 16:00:21 [ location:1197 ] - [ INFO ] 车辆信息：null
2019-12-18 16:00:21 [ location:1198 ] - [ INFO ] 车辆信息：null
2019-12-18 16:00:21 [ location:1198 ] - [ INFO ] 车辆信息：null
2019-12-18 16:00:21 [ location:1199 ] - [ INFO ] 车辆信息：null
2019-12-18 16:00:21 [ location:1200 ] - [ INFO ] 车辆信息：null
2019-12-18 16:00:21 [ location:1201 ] - [ INFO ] 车辆信息：null
2019-12-18 16:00:21 [ location:1203 ] - [ INFO ] 车辆信息：null
2019-12-18 16:00:21 [ location:1204 ] - [ INFO ] 车辆信息：null
2019-12-18 16:00:21 [ location:1204 ] - [ INFO ] 车辆信息：null
2019-12-18 16:00:21 [ location:1205 ] - [ INFO ] 车辆信息：null
2019-12-18 16:00:21 [ location:1206 ] - [ INFO ] 车辆信息：null
2019-12-18 16:00:21 [ location:1206 ] - [ INFO ] 车辆信息：null
2019-12-18 16:00:21 [ location:1208 ] - [ INFO ] 车辆信息：null
2019-12-18 16:00:21 [ location:1209 ] - [ INFO ] 车辆信息：null
2019-12-18 16:00:21 [ location:1210 ] - [ INFO ] 车辆信息：null
2019-12-18 16:00:21 [ location:1210 ] - [ INFO ] 车辆信息：null
2019-12-18 16:00:21 [ location:1213 ] - [ INFO ] 车辆信息：null
2019-12-18 16:00:21 [ location:1214 ] - [ INFO ] 车辆信息：null
2019-12-18 16:00:21 [ location:1214 ] - [ INFO ] 车辆信息：null
2019-12-18 16:00:21 [ location:1214 ] - [ INFO ] 车辆信息：null
2019-12-18 16:03:59 [ location:1394 ] - [ INFO ] 车辆信息：null
2019-12-18 16:03:59 [ location:1397 ] - [ INFO ] 车辆信息：null
2019-12-18 16:03:59 [ location:1398 ] - [ INFO ] 车辆信息：null
2019-12-18 16:03:59 [ location:1399 ] - [ INFO ] 车辆信息：null
2019-12-18 16:03:59 [ location:1399 ] - [ INFO ] 车辆信息：null
2019-12-18 16:03:59 [ location:1400 ] - [ INFO ] 车辆信息：null
2019-12-18 16:03:59 [ location:1401 ] - [ INFO ] 车辆信息：null
2019-12-18 16:03:59 [ location:1401 ] - [ INFO ] 车辆信息：null
2019-12-18 16:03:59 [ location:1403 ] - [ INFO ] 车辆信息：null
2019-12-18 16:03:59 [ location:1404 ] - [ INFO ] 车辆信息：null
2019-12-18 16:03:59 [ location:1405 ] - [ INFO ] 车辆信息：null
2019-12-18 16:03:59 [ location:1405 ] - [ INFO ] 车辆信息：null
2019-12-18 16:03:59 [ location:1406 ] - [ INFO ] 车辆信息：null
2019-12-18 16:03:59 [ location:1407 ] - [ INFO ] 车辆信息：null
2019-12-18 16:03:59 [ location:1407 ] - [ INFO ] 车辆信息：null
2019-12-18 16:03:59 [ location:1408 ] - [ INFO ] 车辆信息：null
2019-12-18 16:03:59 [ location:1408 ] - [ INFO ] 车辆信息：null
2019-12-18 16:03:59 [ location:1409 ] - [ INFO ] 车辆信息：null
2019-12-18 16:03:59 [ location:1413 ] - [ INFO ] 车辆信息：null
2019-12-18 16:03:59 [ location:1413 ] - [ INFO ] 车辆信息：null
2019-12-18 16:03:59 [ location:1414 ] - [ INFO ] 车辆信息：null
2019-12-18 16:03:59 [ location:1415 ] - [ INFO ] 车辆信息：null
2019-12-18 16:03:59 [ location:1420 ] - [ INFO ] 车辆信息：null
2019-12-18 16:03:59 [ location:1420 ] - [ INFO ] 车辆信息：null
2019-12-18 16:03:59 [ location:1421 ] - [ INFO ] 车辆信息：null
2019-12-18 16:03:59 [ location:1421 ] - [ INFO ] 车辆信息：null
2019-12-18 16:03:59 [ location:1422 ] - [ INFO ] 车辆信息：null
2019-12-18 16:03:59 [ location:1422 ] - [ INFO ] 车辆信息：null
2019-12-18 16:03:59 [ location:1423 ] - [ INFO ] 车辆信息：null
2019-12-18 16:03:59 [ location:1423 ] - [ INFO ] 车辆信息：null
2019-12-18 16:03:59 [ location:1424 ] - [ INFO ] 车辆信息：null
2019-12-18 16:03:59 [ location:1430 ] - [ INFO ] 车辆信息：null
2019-12-18 16:03:59 [ location:1430 ] - [ INFO ] 车辆信息：null
2019-12-18 16:03:59 [ location:1431 ] - [ INFO ] 车辆信息：null
2019-12-18 16:03:59 [ location:1431 ] - [ INFO ] 车辆信息：null
2019-12-18 16:03:59 [ location:1432 ] - [ INFO ] 车辆信息：null
2019-12-18 16:03:59 [ location:1432 ] - [ INFO ] 车辆信息：null
2019-12-18 16:03:59 [ location:1433 ] - [ INFO ] 车辆信息：null
2019-12-18 16:03:59 [ location:1433 ] - [ INFO ] 车辆信息：null
2019-12-18 16:03:59 [ location:1436 ] - [ INFO ] 车辆信息：null
2019-12-18 16:03:59 [ location:1436 ] - [ INFO ] 车辆信息：null
2019-12-18 16:03:59 [ location:1437 ] - [ INFO ] 车辆信息：null
2019-12-18 16:03:59 [ location:1437 ] - [ INFO ] 车辆信息：null
2019-12-18 16:03:59 [ location:1437 ] - [ INFO ] 车辆信息：null
2019-12-18 16:03:59 [ location:1438 ] - [ INFO ] 车辆信息：null
2019-12-18 16:03:59 [ location:1438 ] - [ INFO ] 车辆信息：null
2019-12-18 16:03:59 [ location:1439 ] - [ INFO ] 车辆信息：null
2019-12-18 16:03:59 [ location:1439 ] - [ INFO ] 车辆信息：null
2019-12-18 16:03:59 [ location:1439 ] - [ INFO ] 车辆信息：null
2019-12-18 16:03:59 [ location:1440 ] - [ INFO ] 车辆信息：null
2019-12-18 16:03:59 [ location:1440 ] - [ INFO ] 车辆信息：null
2019-12-18 16:03:59 [ location:1440 ] - [ INFO ] 车辆信息：null
2019-12-18 16:03:59 [ location:1441 ] - [ INFO ] 车辆信息：null
2019-12-18 16:03:59 [ location:1441 ] - [ INFO ] 车辆信息：null
2019-12-18 16:03:59 [ location:1442 ] - [ INFO ] 车辆信息：null
2019-12-18 16:03:59 [ location:1442 ] - [ INFO ] 车辆信息：null
2019-12-18 16:03:59 [ location:1442 ] - [ INFO ] 车辆信息：null
2019-12-18 16:03:59 [ location:1443 ] - [ INFO ] 车辆信息：null
2019-12-18 16:03:59 [ location:1443 ] - [ INFO ] 车辆信息：null
2019-12-18 16:03:59 [ location:1454 ] - [ INFO ] 车辆信息：null
2019-12-18 16:03:59 [ location:1454 ] - [ INFO ] 车辆信息：null
2019-12-18 16:03:59 [ location:1454 ] - [ INFO ] 车辆信息：null
2019-12-18 16:03:59 [ location:1455 ] - [ INFO ] 车辆信息：null
2019-12-18 16:03:59 [ location:1455 ] - [ INFO ] 车辆信息：null
2019-12-18 16:03:59 [ location:1456 ] - [ INFO ] 车辆信息：null
2019-12-18 16:03:59 [ location:1456 ] - [ INFO ] 车辆信息：null
2019-12-18 16:03:59 [ location:1456 ] - [ INFO ] 车辆信息：null
2019-12-18 16:03:59 [ location:1457 ] - [ INFO ] 车辆信息：null
2019-12-18 16:03:59 [ location:1457 ] - [ INFO ] 车辆信息：null
2019-12-18 16:03:59 [ location:1463 ] - [ INFO ] 车辆信息：null
2019-12-18 16:03:59 [ location:1463 ] - [ INFO ] 车辆信息：null
2019-12-18 16:03:59 [ location:1464 ] - [ INFO ] 车辆信息：null
2019-12-18 16:03:59 [ location:1464 ] - [ INFO ] 车辆信息：null
2019-12-18 16:03:59 [ location:1464 ] - [ INFO ] 车辆信息：null
2019-12-18 16:03:59 [ location:1465 ] - [ INFO ] 车辆信息：null
2019-12-18 16:03:59 [ location:1465 ] - [ INFO ] 车辆信息：null
2019-12-18 16:03:59 [ location:1465 ] - [ INFO ] 车辆信息：null
2019-12-18 16:03:59 [ location:1466 ] - [ INFO ] 车辆信息：null
2019-12-18 16:03:59 [ location:1466 ] - [ INFO ] 车辆信息：null
2019-12-18 16:03:59 [ location:1466 ] - [ INFO ] 车辆信息：null
2019-12-18 16:03:59 [ location:1485 ] - [ INFO ] 车辆信息：null
2019-12-18 16:03:59 [ location:1485 ] - [ INFO ] 车辆信息：null
2019-12-18 16:03:59 [ location:1486 ] - [ INFO ] 车辆信息：null
2019-12-18 16:03:59 [ location:1486 ] - [ INFO ] 车辆信息：null
2019-12-18 16:03:59 [ location:1486 ] - [ INFO ] 车辆信息：null
2019-12-18 16:03:59 [ location:1487 ] - [ INFO ] 车辆信息：null
2019-12-18 16:03:59 [ location:1487 ] - [ INFO ] 车辆信息：null
2019-12-18 16:03:59 [ location:1488 ] - [ INFO ] 车辆信息：null
2019-12-18 16:03:59 [ location:1488 ] - [ INFO ] 车辆信息：null
2019-12-18 16:03:59 [ location:1488 ] - [ INFO ] 车辆信息：null
2019-12-18 16:03:59 [ location:1489 ] - [ INFO ] 车辆信息：null
2019-12-18 16:03:59 [ location:1489 ] - [ INFO ] 车辆信息：null
2019-12-18 16:03:59 [ location:1489 ] - [ INFO ] 车辆信息：null
2019-12-18 16:03:59 [ location:1490 ] - [ INFO ] 车辆信息：null
2019-12-18 16:03:59 [ location:1490 ] - [ INFO ] 车辆信息：null
2019-12-18 16:03:59 [ location:1490 ] - [ INFO ] 车辆信息：null
2019-12-18 16:03:59 [ location:1491 ] - [ INFO ] 车辆信息：null
2019-12-18 16:03:59 [ location:1491 ] - [ INFO ] 车辆信息：null
2019-12-18 16:03:59 [ location:1491 ] - [ INFO ] 车辆信息：null
2019-12-18 16:03:59 [ location:1492 ] - [ INFO ] 车辆信息：null
2019-12-18 16:03:59 [ location:1492 ] - [ INFO ] 车辆信息：null
2019-12-18 16:03:59 [ location:1492 ] - [ INFO ] 车辆信息：null
2019-12-18 16:03:59 [ location:1493 ] - [ INFO ] 车辆信息：null
2019-12-18 16:03:59 [ location:1493 ] - [ INFO ] 车辆信息：null
2019-12-18 16:03:59 [ location:1493 ] - [ INFO ] 车辆信息：null
2019-12-18 16:03:59 [ location:1494 ] - [ INFO ] 车辆信息：null
2019-12-18 16:03:59 [ location:1494 ] - [ INFO ] 车辆信息：null
2019-12-18 16:03:59 [ location:1494 ] - [ INFO ] 车辆信息：null
2019-12-18 16:03:59 [ location:1498 ] - [ INFO ] 车辆信息：null
2019-12-18 16:03:59 [ location:1537 ] - [ INFO ] 车辆信息：null
2019-12-18 16:03:59 [ location:1537 ] - [ INFO ] 车辆信息：null
2019-12-18 16:03:59 [ location:1539 ] - [ INFO ] 车辆信息：null
2019-12-18 16:03:59 [ location:1540 ] - [ INFO ] 车辆信息：null
2019-12-18 16:03:59 [ location:1540 ] - [ INFO ] 车辆信息：null
2019-12-18 16:03:59 [ location:1540 ] - [ INFO ] 车辆信息：null
2019-12-18 16:03:59 [ location:1544 ] - [ INFO ] 车辆信息：null
2019-12-18 16:03:59 [ location:1544 ] - [ INFO ] 车辆信息：null
2019-12-18 16:03:59 [ location:1551 ] - [ INFO ] 车辆信息：null
2019-12-18 16:03:59 [ location:1551 ] - [ INFO ] 车辆信息：null
2019-12-18 16:03:59 [ location:1552 ] - [ INFO ] 车辆信息：null
2019-12-18 16:03:59 [ location:1552 ] - [ INFO ] 车辆信息：null
2019-12-18 16:03:59 [ location:1552 ] - [ INFO ] 车辆信息：null
2019-12-18 16:03:59 [ location:1553 ] - [ INFO ] 车辆信息：null
2019-12-18 16:03:59 [ location:1560 ] - [ INFO ] 车辆信息：null
2019-12-18 16:03:59 [ location:1561 ] - [ INFO ] 车辆信息：null
2019-12-18 16:03:59 [ location:1562 ] - [ INFO ] 车辆信息：null
2019-12-18 16:03:59 [ location:1562 ] - [ INFO ] 车辆信息：null
2019-12-18 16:03:59 [ location:1562 ] - [ INFO ] 车辆信息：null
2019-12-18 16:03:59 [ location:1563 ] - [ INFO ] 车辆信息：null
2019-12-18 16:03:59 [ location:1563 ] - [ INFO ] 车辆信息：null
2019-12-18 16:03:59 [ location:1563 ] - [ INFO ] 车辆信息：null
2019-12-18 16:03:59 [ location:1563 ] - [ INFO ] 车辆信息：null
2019-12-18 16:03:59 [ location:1564 ] - [ INFO ] 车辆信息：null
2019-12-18 16:03:59 [ location:1564 ] - [ INFO ] 车辆信息：null
2019-12-18 16:03:59 [ location:1564 ] - [ INFO ] 车辆信息：null
2019-12-18 16:03:59 [ location:1564 ] - [ INFO ] 车辆信息：null
2019-12-18 16:03:59 [ location:1565 ] - [ INFO ] 车辆信息：null
2019-12-18 16:03:59 [ location:1565 ] - [ INFO ] 车辆信息：null
2019-12-18 16:03:59 [ location:1565 ] - [ INFO ] 车辆信息：null
2019-12-18 16:03:59 [ location:1574 ] - [ INFO ] 车辆信息：null
2019-12-18 16:03:59 [ location:1574 ] - [ INFO ] 车辆信息：null
2019-12-18 16:03:59 [ location:1575 ] - [ INFO ] 车辆信息：null
2019-12-18 16:03:59 [ location:1575 ] - [ INFO ] 车辆信息：null
2019-12-18 16:03:59 [ location:1575 ] - [ INFO ] 车辆信息：null
2019-12-18 16:03:59 [ location:1576 ] - [ INFO ] 车辆信息：null
2019-12-18 16:03:59 [ location:1576 ] - [ INFO ] 车辆信息：null
2019-12-18 16:03:59 [ location:1576 ] - [ INFO ] 车辆信息：null
2019-12-18 16:03:59 [ location:1577 ] - [ INFO ] 车辆信息：null
2019-12-18 16:03:59 [ location:1577 ] - [ INFO ] 车辆信息：null
2019-12-18 16:03:59 [ location:1577 ] - [ INFO ] 车辆信息：null
2019-12-18 16:10:16 [ location:1260 ] - [ INFO ] 车辆信息：null
2019-12-18 16:10:16 [ location:1262 ] - [ INFO ] 车辆信息：null
2019-12-18 16:10:16 [ location:1262 ] - [ INFO ] 车辆信息：null
2019-12-18 16:10:16 [ location:1263 ] - [ INFO ] 车辆信息：null
2019-12-18 16:10:16 [ location:1263 ] - [ INFO ] 车辆信息：null
2019-12-18 16:10:16 [ location:1264 ] - [ INFO ] 车辆信息：null
2019-12-18 16:10:16 [ location:1264 ] - [ INFO ] 车辆信息：null
2019-12-18 16:10:16 [ location:1267 ] - [ INFO ] 车辆信息：null
2019-12-18 16:10:16 [ location:1268 ] - [ INFO ] 车辆信息：null
2019-12-18 16:10:16 [ location:1269 ] - [ INFO ] 车辆信息：null
2019-12-18 16:10:16 [ location:1270 ] - [ INFO ] 车辆信息：null
2019-12-18 16:10:16 [ location:1270 ] - [ INFO ] 车辆信息：null
2019-12-18 16:10:17 [ location:1273 ] - [ INFO ] 车辆信息：null
2019-12-18 16:10:17 [ location:1274 ] - [ INFO ] 车辆信息：null
2019-12-18 16:10:17 [ location:1274 ] - [ INFO ] 车辆信息：null
2019-12-18 16:10:17 [ location:1277 ] - [ INFO ] 车辆信息：null
2019-12-18 16:10:17 [ location:1277 ] - [ INFO ] 车辆信息：null
2019-12-18 16:10:17 [ location:1278 ] - [ INFO ] 车辆信息：null
2019-12-18 16:10:17 [ location:1278 ] - [ INFO ] 车辆信息：null
2019-12-18 16:10:17 [ location:1279 ] - [ INFO ] 车辆信息：null
2019-12-18 16:10:17 [ location:1279 ] - [ INFO ] 车辆信息：null
2019-12-18 16:10:17 [ location:1280 ] - [ INFO ] 车辆信息：null
2019-12-18 16:10:17 [ location:1280 ] - [ INFO ] 车辆信息：null
2019-12-18 16:10:17 [ location:1281 ] - [ INFO ] 车辆信息：null
2019-12-18 16:10:17 [ location:1281 ] - [ INFO ] 车辆信息：null
2019-12-18 16:10:17 [ location:1282 ] - [ INFO ] 车辆信息：null
2019-12-18 16:10:17 [ location:1282 ] - [ INFO ] 车辆信息：null
2019-12-18 16:10:17 [ location:1283 ] - [ INFO ] 车辆信息：null
2019-12-18 16:10:17 [ location:1284 ] - [ INFO ] 车辆信息：null
2019-12-18 16:10:17 [ location:1284 ] - [ INFO ] 车辆信息：null
2019-12-18 16:10:17 [ location:1285 ] - [ INFO ] 车辆信息：null
2019-12-18 16:10:17 [ location:1285 ] - [ INFO ] 车辆信息：null
2019-12-18 16:10:17 [ location:1286 ] - [ INFO ] 车辆信息：null
2019-12-18 16:10:17 [ location:1287 ] - [ INFO ] 车辆信息：null
2019-12-18 16:10:17 [ location:1287 ] - [ INFO ] 车辆信息：null
2019-12-18 16:10:17 [ location:1294 ] - [ INFO ] 车辆信息：null
2019-12-18 16:10:17 [ location:1296 ] - [ INFO ] 车辆信息：null
2019-12-18 16:10:17 [ location:1297 ] - [ INFO ] 车辆信息：null
2019-12-18 16:10:17 [ location:1297 ] - [ INFO ] 车辆信息：null
2019-12-18 16:10:17 [ location:1297 ] - [ INFO ] 车辆信息：null
2019-12-18 16:10:17 [ location:1298 ] - [ INFO ] 车辆信息：null
2019-12-18 16:10:17 [ location:1298 ] - [ INFO ] 车辆信息：null
2019-12-18 16:10:17 [ location:1299 ] - [ INFO ] 车辆信息：null
2019-12-18 16:10:17 [ location:1299 ] - [ INFO ] 车辆信息：null
2019-12-18 16:10:17 [ location:1299 ] - [ INFO ] 车辆信息：null
2019-12-18 16:10:17 [ location:1300 ] - [ INFO ] 车辆信息：null
2019-12-18 16:10:17 [ location:1300 ] - [ INFO ] 车辆信息：null
2019-12-18 16:10:17 [ location:1301 ] - [ INFO ] 车辆信息：null
2019-12-18 16:10:17 [ location:1306 ] - [ INFO ] 车辆信息：null
2019-12-18 16:10:17 [ location:1307 ] - [ INFO ] 车辆信息：null
2019-12-18 16:10:17 [ location:1307 ] - [ INFO ] 车辆信息：null
2019-12-18 16:10:17 [ location:1308 ] - [ INFO ] 车辆信息：null
2019-12-18 16:10:17 [ location:1308 ] - [ INFO ] 车辆信息：null
2019-12-18 16:10:17 [ location:1309 ] - [ INFO ] 车辆信息：null
2019-12-18 16:10:17 [ location:1310 ] - [ INFO ] 车辆信息：null
2019-12-18 16:10:17 [ location:1310 ] - [ INFO ] 车辆信息：null
2019-12-18 16:10:17 [ location:1314 ] - [ INFO ] 车辆信息：null
2019-12-18 16:10:17 [ location:1315 ] - [ INFO ] 车辆信息：null
2019-12-18 16:10:17 [ location:1315 ] - [ INFO ] 车辆信息：null
2019-12-18 16:10:17 [ location:1319 ] - [ INFO ] 车辆信息：null
2019-12-18 16:10:17 [ location:1321 ] - [ INFO ] 车辆信息：null
2019-12-18 16:10:17 [ location:1321 ] - [ INFO ] 车辆信息：null
2019-12-18 16:10:17 [ location:1322 ] - [ INFO ] 车辆信息：null
2019-12-18 16:10:17 [ location:1323 ] - [ INFO ] 车辆信息：null
2019-12-18 16:10:17 [ location:1323 ] - [ INFO ] 车辆信息：null
2019-12-18 16:10:17 [ location:1324 ] - [ INFO ] 车辆信息：null
2019-12-18 16:10:17 [ location:1325 ] - [ INFO ] 车辆信息：null
2019-12-18 16:10:17 [ location:1326 ] - [ INFO ] 车辆信息：null
2019-12-18 16:10:17 [ location:1326 ] - [ INFO ] 车辆信息：null
2019-12-18 16:10:17 [ location:1326 ] - [ INFO ] 车辆信息：null
2019-12-18 16:10:17 [ location:1327 ] - [ INFO ] 车辆信息：null
2019-12-18 16:10:17 [ location:1327 ] - [ INFO ] 车辆信息：null
2019-12-18 16:10:17 [ location:1327 ] - [ INFO ] 车辆信息：null
2019-12-18 16:10:17 [ location:1328 ] - [ INFO ] 车辆信息：null
2019-12-18 16:10:17 [ location:1328 ] - [ INFO ] 车辆信息：null
2019-12-18 16:10:17 [ location:1329 ] - [ INFO ] 车辆信息：null
2019-12-18 16:10:17 [ location:1329 ] - [ INFO ] 车辆信息：null
2019-12-18 16:10:17 [ location:1329 ] - [ INFO ] 车辆信息：null
2019-12-18 16:10:17 [ location:1330 ] - [ INFO ] 车辆信息：null
2019-12-18 16:10:17 [ location:1330 ] - [ INFO ] 车辆信息：null
2019-12-18 16:10:17 [ location:1331 ] - [ INFO ] 车辆信息：null
2019-12-18 16:10:17 [ location:1331 ] - [ INFO ] 车辆信息：null
2019-12-18 16:10:17 [ location:1332 ] - [ INFO ] 车辆信息：null
2019-12-18 16:10:17 [ location:1332 ] - [ INFO ] 车辆信息：null
2019-12-18 16:10:17 [ location:1332 ] - [ INFO ] 车辆信息：null
2019-12-18 16:10:17 [ location:1333 ] - [ INFO ] 车辆信息：null
2019-12-18 16:10:17 [ location:1333 ] - [ INFO ] 车辆信息：null
2019-12-18 16:10:17 [ location:1334 ] - [ INFO ] 车辆信息：null
2019-12-18 16:10:17 [ location:1334 ] - [ INFO ] 车辆信息：null
2019-12-18 16:10:17 [ location:1334 ] - [ INFO ] 车辆信息：null
2019-12-18 16:10:17 [ location:1335 ] - [ INFO ] 车辆信息：null
2019-12-18 16:10:17 [ location:1335 ] - [ INFO ] 车辆信息：null
2019-12-18 16:10:17 [ location:1345 ] - [ INFO ] 车辆信息：null
2019-12-18 16:10:17 [ location:1345 ] - [ INFO ] 车辆信息：null
2019-12-18 16:10:17 [ location:1356 ] - [ INFO ] 车辆信息：null
2019-12-18 16:10:17 [ location:1356 ] - [ INFO ] 车辆信息：null
2019-12-18 16:10:17 [ location:1357 ] - [ INFO ] 车辆信息：null
2019-12-18 16:10:17 [ location:1358 ] - [ INFO ] 车辆信息：null
2019-12-18 16:10:17 [ location:1358 ] - [ INFO ] 车辆信息：null
2019-12-18 16:10:17 [ location:1359 ] - [ INFO ] 车辆信息：null
2019-12-18 16:10:17 [ location:1362 ] - [ INFO ] 车辆信息：null
2019-12-18 16:10:17 [ location:1363 ] - [ INFO ] 车辆信息：null
2019-12-18 16:10:17 [ location:1363 ] - [ INFO ] 车辆信息：null
2019-12-18 16:10:17 [ location:1364 ] - [ INFO ] 车辆信息：null
2019-12-18 16:10:17 [ location:1365 ] - [ INFO ] 车辆信息：null
2019-12-18 16:10:17 [ location:1371 ] - [ INFO ] 车辆信息：null
2019-12-18 16:10:17 [ location:1371 ] - [ INFO ] 车辆信息：null
2019-12-18 16:10:17 [ location:1372 ] - [ INFO ] 车辆信息：null
2019-12-18 16:10:17 [ location:1372 ] - [ INFO ] 车辆信息：null
2019-12-18 16:10:17 [ location:1372 ] - [ INFO ] 车辆信息：null
2019-12-18 16:10:17 [ location:1373 ] - [ INFO ] 车辆信息：null
2019-12-18 16:10:17 [ location:1373 ] - [ INFO ] 车辆信息：null
2019-12-18 16:10:17 [ location:1374 ] - [ INFO ] 车辆信息：null
2019-12-18 16:10:17 [ location:1375 ] - [ INFO ] 车辆信息：null
2019-12-18 16:10:17 [ location:1375 ] - [ INFO ] 车辆信息：null
2019-12-18 16:10:17 [ location:1422 ] - [ INFO ] 车辆信息：null
2019-12-18 16:10:17 [ location:1426 ] - [ INFO ] 车辆信息：null
2019-12-18 16:10:17 [ location:1431 ] - [ INFO ] 车辆信息：null
2019-12-18 16:10:17 [ location:1431 ] - [ INFO ] 车辆信息：null
2019-12-18 16:10:17 [ location:1433 ] - [ INFO ] 车辆信息：null
2019-12-18 16:10:17 [ location:1433 ] - [ INFO ] 车辆信息：null
2019-12-18 16:10:17 [ location:1433 ] - [ INFO ] 车辆信息：null
2019-12-18 16:10:17 [ location:1439 ] - [ INFO ] 车辆信息：null
2019-12-18 16:10:17 [ location:1439 ] - [ INFO ] 车辆信息：null
2019-12-18 16:10:17 [ location:1441 ] - [ INFO ] 车辆信息：null
2019-12-18 16:10:17 [ location:1442 ] - [ INFO ] 车辆信息：null
2019-12-18 16:10:17 [ location:1443 ] - [ INFO ] 车辆信息：null
2019-12-18 16:10:17 [ location:1443 ] - [ INFO ] 车辆信息：null
2019-12-18 16:10:17 [ location:1444 ] - [ INFO ] 车辆信息：null
2019-12-18 16:10:17 [ location:1455 ] - [ INFO ] 车辆信息：null
2019-12-18 16:10:17 [ location:1455 ] - [ INFO ] 车辆信息：null
2019-12-18 16:10:17 [ location:1457 ] - [ INFO ] 车辆信息：null
2019-12-18 16:10:17 [ location:1457 ] - [ INFO ] 车辆信息：null
2019-12-18 16:10:17 [ location:1458 ] - [ INFO ] 车辆信息：null
2019-12-18 16:10:17 [ location:1458 ] - [ INFO ] 车辆信息：null
2019-12-18 16:10:17 [ location:1459 ] - [ INFO ] 车辆信息：null
2019-12-18 16:10:17 [ location:1459 ] - [ INFO ] 车辆信息：null
2019-12-18 16:10:17 [ location:1463 ] - [ INFO ] 车辆信息：null
2019-12-18 16:10:17 [ location:1465 ] - [ INFO ] 车辆信息：null
2019-12-18 16:10:17 [ location:1465 ] - [ INFO ] 车辆信息：null
2019-12-18 16:10:17 [ location:1466 ] - [ INFO ] 车辆信息：null
2019-12-18 16:10:17 [ location:1466 ] - [ INFO ] 车辆信息：null
2019-12-18 16:10:17 [ location:1466 ] - [ INFO ] 车辆信息：null
2019-12-18 16:10:17 [ location:1466 ] - [ INFO ] 车辆信息：null
2019-12-18 16:10:17 [ location:1467 ] - [ INFO ] 车辆信息：null
2019-12-18 16:10:17 [ location:1467 ] - [ INFO ] 车辆信息：null
2019-12-18 16:10:17 [ location:1467 ] - [ INFO ] 车辆信息：null
2019-12-18 16:10:17 [ location:1468 ] - [ INFO ] 车辆信息：null
2019-12-18 16:10:17 [ location:1468 ] - [ INFO ] 车辆信息：null
2019-12-18 16:10:17 [ location:1468 ] - [ INFO ] 车辆信息：null
